<!DOCTYPE html>
<html>
<head>
  
<meta http-equiv="Content-Type" content="text/html; charset=UTF-8" />

<script type="text/javascript" src="js/jquery.min.js"></script>
<script type="text/javascript" src="js/jquery.tablesorter.min.js"></script>
<script type="text/javascript" src="js/Chart.min.js"></script>
<script type="text/javascript" src="js/bootstrap.min.js"></script>

<link rel="stylesheet" href="css/bootstrap.min.css" type="text/css"/>
<link rel="stylesheet" href="css/cucumber.css" type="text/css"/>
<link rel="stylesheet" href="css/font-awesome.min.css"/>
<link rel="shortcut icon" href="images/favicon.png"/>

<script type="text/javascript">
$(document).ready(function() {
    // this will tell tablesorter to try looking for the data-value attribute
    // if present, it'll sort by that instead
    // otherwise, it'll sort by the text content of the table cell
    $("#tablesorter").tablesorter({
        textAttribute: 'data-value',
        // ignores the first row of the header, the 'scenario', 'steps', since
        // sorting those doesn't make sense
        selectorHeaders: '> thead tr:not(.dont-sort) th',
        // use a stable sort
        sortStable: true
    });
});
</script>











  
<title>Cucumber-JVM Reports  - Tag: @indoc</title>

</head>
<body>

<nav class="navbar navbar-default navbar-fixed-top" id="navigation">
  <div class="container-fluid">
    <div class="collapse navbar-collapse">
      <p class="navbar-text navbar-left">Cucumber-JVM Report</p>
      <ul class="nav navbar-nav navbar-right">
                <li role="presentation" ><a href="overview-features.html">Features</a></li>
        <li role="presentation" ><a href="overview-tags.html">Tags</a></li>
        <li role="presentation" ><a href="overview-steps.html">Steps</a></li>
                <li role="presentation" ><a href="overview-failures.html">Failures</a></li>
      </ul>
    </div>
  </div>
</nav>


<div class="container-fluid" id="build-info">
  <div class="row">
    <div class="col-md-6 col-md-offset-1">
      <table class="table table-bordered">
        <thead>
          <tr>
            <th>Project</th>
                        <th>Date</th>
          </tr>
        </thead>
        <tbody>
          <tr class="info">
            <td>io.singularitynet.offernet</td>
<<<<<<< Updated upstream
                        <td>01 Aug 2018, 19:15</td>
=======
                        <td>02 Aug 2018, 00:41</td>
>>>>>>> Stashed changes
          </tr>
        </tbody>
      </table>
    </div>
  </div>
</div>


<div id="report-lead" class="container-fluid">
  <div class="row">
    <div class="col-md-10 col-md-offset-1">
      <h2>Tag Report</h2>
          </div>
  </div>
</div>


<div class="container-fluid" id="summary">
  <div class="row">
    <div class="col-md-10 col-md-offset-1">
      <table class="stats-table">

        
<thead>
  <tr class="header dont-sort">
        <th></th>
    <th colspan="6">Steps</th>
    <th colspan="3">Scenarios</th>
    <th colspan="2">Features</th>
  </tr>
  <tr>
    <th>Tag</th>
        <th class="passed">Passed</th>
    <th class="failed">Failed</th>
    <th class="skipped">Skipped</th>
    <th class="pending">Pending</th>
    <th class="undefined">Undefined</th>
    <th class="total">Total</th>

    <th class="passed">Passed</th>
    <th class="failed">Failed</th>
    <th class="total">Total</th>

    <th>Duration</th>
    <th>Status</th>
  </tr>
</thead>


        <tbody>
        <tr>
          <td class="tagname">@indoc</td>
                    <td      class="passed"    >33</td>
          <td >0</td>
          <td >0</td>
          <td >0</td>
          <td >0</td>
          <td class="total">33</td>

          <td  class="passed"    >7</td>
          <td >0</td>
          <td class="total">7</td>

          <td class="duration" data-value="24735877220">24s 735ms</td>
          <td class="passed">Passed</td>
        </tr>
        </tbody>

      </table>
    </div>
  </div>
</div>



<div class="container-fluid" id="report">
  <div class="row">
    <div class="col-md-10 col-md-offset-1">
      <div class="elements">

                  
<div class="element">
      <div class="indention">
      <a href="report-feature_AgentBehavior-feature.html">View Feature</a> <i>Agent behaviour</i>
    </div>
  
  
<div class="tags indention">
       <a href="report-tag_indoc.html">@indoc</a>
  </div>


    <span data-toggle="collapse" class=" collapsed  collapsable-control" data-target="#element-1">
    
<div class="brief passed">
  <span class="keyword indention">Scenario</span>
  <span class="name">an agent can introduce a new agent to the network by 'befriending' it</span>
  

       <i class="chevron fa fa-fw"></i>
  </div>

  </span>
  <div class="description indention">The only way for the OfferNet to grow in a decentralized manner (i.e. without central controlling repository) is for new agents to get introduced to the network via old agent's recommendation.</div>

  <div id="element-1" class="collapse collapsable-details ">
    
  <div class="inner-level hooks-before">
        <div data-toggle="collapse" class=" collapsed  collapsable-control" data-target="#before-2">
      
<div class="brief passed">
  <span class="keyword indention">Hooks</span>
  <span class="name"></span>
  

       <i class="chevron fa fa-fw"></i>
  </div>

    </div>

    <div id="before-2" class="inner-level collapse collapsable-details ">
              <div class="hook">
<<<<<<< Updated upstream
          <div class="brief failed">
            <span class="keyword indention">Before</span>
                          <span class="location name">AgentBehaviorStepDefs.before(Scenario)</span>
                        
  <span class="lead-duration duration">14s 476ms</span>
=======
          <div class="brief passed">
            <span class="keyword indention">Before</span>
                          <span class="location name">SimulationBehaviorStepDefs.before(Scenario)</span>
                        
  <span class="lead-duration duration">000ms</span>

          </div>

                      

          
          

        </div>
              <div class="hook">
          <div class="brief passed">
            <span class="keyword indention">Before</span>
                          <span class="location name">AgentBehaviorStepDefs.before(Scenario)</span>
                        
  <span class="lead-duration duration">2s 375ms</span>
>>>>>>> Stashed changes

          </div>

                      

          
          

        </div>
              <div class="hook">
          <div class="brief passed">
            <span class="keyword indention">Before</span>
                          <span class="location name">SimulationBehaviorStepDefs.before(Scenario)</span>
                        
  <span class="lead-duration duration">000ms</span>

          </div>

                      

          
          

        </div>
          </div>
  </div>


    
<div class="steps inner-level">
    <div data-toggle="collapse" class=" collapsed  collapsable-control" data-target="#steps-3">
    
<div class="brief passed">
  <span class="keyword indention">Steps</span>
  <span class="name"></span>
  

       <i class="chevron fa fa-fw"></i>
  </div>

  </div>

  <div id="steps-3" class="inner-level collapse collapsable-details ">
          <div class="step">
        
<div class="brief passed">
  <span class="keyword indention">Given</span>
  <span class="name">Agent "AgentOne" is created on the OfferNet</span>
  
  <span class="lead-duration duration">1s 334ms</span>

  </div>

        


        
        

        

        

      </div>
          <div class="step">
        
<div class="brief passed">
  <span class="keyword indention">And</span>
  <span class="name">Agent "AgentTwo" does not exist on the OfferNet</span>
  
  <span class="lead-duration duration">049ms</span>

  </div>

        


        
        

        

        

      </div>
          <div class="step">
        
<div class="brief passed">
  <span class="keyword indention">When</span>
  <span class="name">Agent "AgentOne" befriends Agent "AgentTwo"</span>
  
  <span class="lead-duration duration">1s 102ms</span>

  </div>

        


        
        

        

        

      </div>
          <div class="step">
        
<div class="brief passed">
  <span class="keyword indention">Then</span>
  <span class="name">Agent "AgentTwo" exists on the OfferNet</span>
  
  <span class="lead-duration duration">019ms</span>

  </div>

        


        
        

        

        

      </div>
          <div class="step">
        
<div class="brief passed">
  <span class="keyword indention">Then</span>
  <span class="name">there is "knows" link between "AgentOne" and "AgentTwo"</span>
  
  <span class="lead-duration duration">1s 105ms</span>

  </div>

        


        
        

        

        

      </div>
          <div class="step">
        
<div class="brief passed">
  <span class="keyword indention">And</span>
  <span class="name">there is no "knows" link between "AgentTwo" and "AgentOne"</span>
  
  <span class="lead-duration duration">1s 075ms</span>

  </div>

        


        
        

        

        

      </div>
      </div>
</div>


    
  <div class="inner-level hooks-after">
<<<<<<< Updated upstream
        <div data-toggle="collapse" class=" collapsable-control" data-target="#after-5">
=======
        <div data-toggle="collapse" class=" collapsed  collapsable-control" data-target="#after-4">
>>>>>>> Stashed changes
      
<div class="brief failed">
  <span class="keyword indention">Hooks</span>
  <span class="name"></span>
  

       <i class="chevron fa fa-fw"></i>
  </div>

    </div>

<<<<<<< Updated upstream
    <div id="after-5" class="inner-level collapse collapsable-details  in ">
=======
    <div id="after-4" class="inner-level collapse collapsable-details ">
>>>>>>> Stashed changes
              <div class="hook">
          <div class="brief failed">
            <span class="keyword indention">After</span>
                          <span class="location name">AgentBehaviorStepDefs.after(Scenario)</span>
                        
  <span class="lead-duration duration">021ms</span>

          </div>

                      

  <div class="inner-level">
    <div class="message indention">
      <div data-toggle="collapse" class="collapsable-control" data-target="#msg-6">
          <a>Error message</a>
      </div>
      <div id="msg-6" class="collapse collapsable-details">
        <pre>java.lang.NullPointerException
	at io.singularitynet.offernet.AgentBehaviorStepDefs.after(AgentBehaviorStepDefs.java:54)
	at sun.reflect.NativeMethodAccessorImpl.invoke0(Native Method)
	at sun.reflect.NativeMethodAccessorImpl.invoke(NativeMethodAccessorImpl.java:62)
	at sun.reflect.DelegatingMethodAccessorImpl.invoke(DelegatingMethodAccessorImpl.java:43)
	at java.lang.reflect.Method.invoke(Method.java:498)
	at cucumber.runtime.Utils$1.call(Utils.java:40)
	at cucumber.runtime.Timeout.timeout(Timeout.java:16)
	at cucumber.runtime.Utils.invoke(Utils.java:34)
	at cucumber.runtime.java.JavaHookDefinition.execute(JavaHookDefinition.java:60)
	at cucumber.runtime.Runtime.runHookIfTagsMatch(Runtime.java:224)
	at cucumber.runtime.Runtime.runHooks(Runtime.java:212)
	at cucumber.runtime.Runtime.runAfterHooks(Runtime.java:206)
	at cucumber.runtime.model.CucumberScenario.run(CucumberScenario.java:46)
	at cucumber.runtime.junit.ExecutionUnitRunner.run(ExecutionUnitRunner.java:102)
	at cucumber.runtime.junit.FeatureRunner.runChild(FeatureRunner.java:63)
	at cucumber.runtime.junit.FeatureRunner.runChild(FeatureRunner.java:18)
	at org.junit.runners.ParentRunner$3.run(ParentRunner.java:290)
	at org.junit.runners.ParentRunner$1.schedule(ParentRunner.java:71)
	at org.junit.runners.ParentRunner.runChildren(ParentRunner.java:288)
	at org.junit.runners.ParentRunner.access$000(ParentRunner.java:58)
	at org.junit.runners.ParentRunner$2.evaluate(ParentRunner.java:268)
	at org.junit.runners.ParentRunner.run(ParentRunner.java:363)
	at cucumber.runtime.junit.FeatureRunner.run(FeatureRunner.java:70)
	at cucumber.api.junit.Cucumber.runChild(Cucumber.java:95)
	at cucumber.api.junit.Cucumber.runChild(Cucumber.java:38)
	at org.junit.runners.ParentRunner$3.run(ParentRunner.java:290)
	at org.junit.runners.ParentRunner$1.schedule(ParentRunner.java:71)
	at org.junit.runners.ParentRunner.runChildren(ParentRunner.java:288)
	at org.junit.runners.ParentRunner.access$000(ParentRunner.java:58)
	at org.junit.runners.ParentRunner$2.evaluate(ParentRunner.java:268)
	at org.junit.internal.runners.statements.RunAfters.evaluate(RunAfters.java:27)
	at org.junit.runners.ParentRunner.run(ParentRunner.java:363)
	at cucumber.api.junit.Cucumber.run(Cucumber.java:100)
	at org.gradle.api.internal.tasks.testing.junit.JUnitTestClassExecutor.runTestClass(JUnitTestClassExecutor.java:116)
	at org.gradle.api.internal.tasks.testing.junit.JUnitTestClassExecutor.execute(JUnitTestClassExecutor.java:59)
	at org.gradle.api.internal.tasks.testing.junit.JUnitTestClassExecutor.execute(JUnitTestClassExecutor.java:39)
	at org.gradle.api.internal.tasks.testing.junit.AbstractJUnitTestClassProcessor.processTestClass(AbstractJUnitTestClassProcessor.java:66)
	at org.gradle.api.internal.tasks.testing.SuiteTestClassProcessor.processTestClass(SuiteTestClassProcessor.java:51)
	at sun.reflect.NativeMethodAccessorImpl.invoke0(Native Method)
	at sun.reflect.NativeMethodAccessorImpl.invoke(NativeMethodAccessorImpl.java:62)
	at sun.reflect.DelegatingMethodAccessorImpl.invoke(DelegatingMethodAccessorImpl.java:43)
	at java.lang.reflect.Method.invoke(Method.java:498)
	at org.gradle.internal.dispatch.ReflectionDispatch.dispatch(ReflectionDispatch.java:35)
	at org.gradle.internal.dispatch.ReflectionDispatch.dispatch(ReflectionDispatch.java:24)
	at org.gradle.internal.dispatch.ContextClassLoaderDispatch.dispatch(ContextClassLoaderDispatch.java:32)
	at org.gradle.internal.dispatch.ProxyDispatchAdapter$DispatchingInvocationHandler.invoke(ProxyDispatchAdapter.java:93)
	at com.sun.proxy.$Proxy4.processTestClass(Unknown Source)
	at org.gradle.api.internal.tasks.testing.worker.TestWorker.processTestClass(TestWorker.java:109)
	at sun.reflect.NativeMethodAccessorImpl.invoke0(Native Method)
	at sun.reflect.NativeMethodAccessorImpl.invoke(NativeMethodAccessorImpl.java:62)
	at sun.reflect.DelegatingMethodAccessorImpl.invoke(DelegatingMethodAccessorImpl.java:43)
	at java.lang.reflect.Method.invoke(Method.java:498)
	at org.gradle.internal.dispatch.ReflectionDispatch.dispatch(ReflectionDispatch.java:35)
	at org.gradle.internal.dispatch.ReflectionDispatch.dispatch(ReflectionDispatch.java:24)
	at org.gradle.internal.remote.internal.hub.MessageHubBackedObjectConnection$DispatchWrapper.dispatch(MessageHubBackedObjectConnection.java:146)
	at org.gradle.internal.remote.internal.hub.MessageHubBackedObjectConnection$DispatchWrapper.dispatch(MessageHubBackedObjectConnection.java:128)
	at org.gradle.internal.remote.internal.hub.MessageHub$Handler.run(MessageHub.java:404)
	at org.gradle.internal.concurrent.ExecutorPolicy$CatchAndRecordFailures.onExecute(ExecutorPolicy.java:63)
	at org.gradle.internal.concurrent.ManagedExecutorImpl$1.run(ManagedExecutorImpl.java:46)
	at java.util.concurrent.ThreadPoolExecutor.runWorker(ThreadPoolExecutor.java:1149)
	at java.util.concurrent.ThreadPoolExecutor$Worker.run(ThreadPoolExecutor.java:624)
	at org.gradle.internal.concurrent.ThreadFactoryImpl$ManagedThreadRunnable.run(ThreadFactoryImpl.java:55)
	at java.lang.Thread.run(Thread.java:748)
</pre>
      </div>
    </div>
  </div>

          
          

        </div>
          </div>
  </div>

  </div>
</div>

                  
<div class="element">
      <div class="indention">
      <a href="report-feature_AgentBehavior-feature.html">View Feature</a> <i>Agent behaviour</i>
    </div>
  
  
<div class="tags indention">
       <a href="report-tag_indoc.html">@indoc</a>
  </div>


<<<<<<< Updated upstream
    <span data-toggle="collapse" class=" collapsable-control" data-target="#element-7">
=======
    <span data-toggle="collapse" class=" collapsed  collapsable-control" data-target="#element-5">
>>>>>>> Stashed changes
    
<div class="brief passed">
  <span class="keyword indention">Scenario</span>
  <span class="name">an agent can 'befriend' another agent existing in the network</span>
  

       <i class="chevron fa fa-fw"></i>
  </div>

  </span>
  <div class="description indention">OfferNet is a social network of Agents. Each agent has an ability to initiate creation of 'knows' link to another agent existing in the network. So if two unconnected agents exist on the network and one of them knows the identity of the other, then the first one can initiate creation of 'knows' link to another in the underlying graph which should result in the appropriate relation between them. Note that the 'knows' relation is not reciprocal.</div>

<<<<<<< Updated upstream
  <div id="element-7" class="collapse collapsable-details  in ">
    
  <div class="inner-level hooks-before">
        <div data-toggle="collapse" class=" collapsable-control" data-target="#before-8">
=======
  <div id="element-5" class="collapse collapsable-details ">
    
  <div class="inner-level hooks-before">
        <div data-toggle="collapse" class=" collapsed  collapsable-control" data-target="#before-6">
>>>>>>> Stashed changes
      
<div class="brief passed">
  <span class="keyword indention">Hooks</span>
  <span class="name"></span>
  

       <i class="chevron fa fa-fw"></i>
  </div>

    </div>

<<<<<<< Updated upstream
    <div id="before-8" class="inner-level collapse collapsable-details  in ">
=======
    <div id="before-6" class="inner-level collapse collapsable-details ">
              <div class="hook">
          <div class="brief passed">
            <span class="keyword indention">Before</span>
                          <span class="location name">SimulationBehaviorStepDefs.before(Scenario)</span>
                        
  <span class="lead-duration duration">000ms</span>

          </div>

                      

          
          

        </div>
>>>>>>> Stashed changes
              <div class="hook">
          <div class="brief passed">
            <span class="keyword indention">Before</span>
                          <span class="location name">AgentBehaviorStepDefs.before(Scenario)</span>
                        
<<<<<<< Updated upstream
  <span class="lead-duration duration">5s 650ms</span>
=======
  <span class="lead-duration duration">343ms</span>
>>>>>>> Stashed changes

          </div>

                      

<<<<<<< Updated upstream
  <div class="inner-level">
    <div class="message indention">
      <div data-toggle="collapse" class="collapsable-control" data-target="#msg-9">
          <a>Error message</a>
      </div>
      <div id="msg-9" class="collapse collapsable-details">
        <pre>java.util.concurrent.TimeoutException: Futures timed out after [5000 milliseconds]
	at scala.concurrent.impl.Promise$DefaultPromise.ready(Promise.scala:255)
	at scala.concurrent.impl.Promise$DefaultPromise.result(Promise.scala:259)
	at scala.concurrent.Await$.$anonfun$result$1(package.scala:215)
	at scala.concurrent.BlockContext$DefaultBlockContext$.blockOn(BlockContext.scala:53)
	at scala.concurrent.Await$.result(package.scala:142)
	at akka.testkit.TestActorRef.underlyingActor(TestActorRef.scala:93)
	at io.singularitynet.offernet.AgentBehaviorStepDefs.before(AgentBehaviorStepDefs.java:48)
	at sun.reflect.NativeMethodAccessorImpl.invoke0(Native Method)
	at sun.reflect.NativeMethodAccessorImpl.invoke(NativeMethodAccessorImpl.java:62)
	at sun.reflect.DelegatingMethodAccessorImpl.invoke(DelegatingMethodAccessorImpl.java:43)
	at java.lang.reflect.Method.invoke(Method.java:498)
	at cucumber.runtime.Utils$1.call(Utils.java:40)
	at cucumber.runtime.Timeout.timeout(Timeout.java:16)
	at cucumber.runtime.Utils.invoke(Utils.java:34)
	at cucumber.runtime.java.JavaHookDefinition.execute(JavaHookDefinition.java:60)
	at cucumber.runtime.Runtime.runHookIfTagsMatch(Runtime.java:224)
	at cucumber.runtime.Runtime.runHooks(Runtime.java:212)
	at cucumber.runtime.Runtime.runBeforeHooks(Runtime.java:202)
	at cucumber.runtime.model.CucumberScenario.run(CucumberScenario.java:40)
	at cucumber.runtime.junit.ExecutionUnitRunner.run(ExecutionUnitRunner.java:102)
	at cucumber.runtime.junit.FeatureRunner.runChild(FeatureRunner.java:63)
	at cucumber.runtime.junit.FeatureRunner.runChild(FeatureRunner.java:18)
	at org.junit.runners.ParentRunner$3.run(ParentRunner.java:290)
	at org.junit.runners.ParentRunner$1.schedule(ParentRunner.java:71)
	at org.junit.runners.ParentRunner.runChildren(ParentRunner.java:288)
	at org.junit.runners.ParentRunner.access$000(ParentRunner.java:58)
	at org.junit.runners.ParentRunner$2.evaluate(ParentRunner.java:268)
	at org.junit.runners.ParentRunner.run(ParentRunner.java:363)
	at cucumber.runtime.junit.FeatureRunner.run(FeatureRunner.java:70)
	at cucumber.api.junit.Cucumber.runChild(Cucumber.java:95)
	at cucumber.api.junit.Cucumber.runChild(Cucumber.java:38)
	at org.junit.runners.ParentRunner$3.run(ParentRunner.java:290)
	at org.junit.runners.ParentRunner$1.schedule(ParentRunner.java:71)
	at org.junit.runners.ParentRunner.runChildren(ParentRunner.java:288)
	at org.junit.runners.ParentRunner.access$000(ParentRunner.java:58)
	at org.junit.runners.ParentRunner$2.evaluate(ParentRunner.java:268)
	at org.junit.internal.runners.statements.RunAfters.evaluate(RunAfters.java:27)
	at org.junit.runners.ParentRunner.run(ParentRunner.java:363)
	at cucumber.api.junit.Cucumber.run(Cucumber.java:100)
	at org.gradle.api.internal.tasks.testing.junit.JUnitTestClassExecutor.runTestClass(JUnitTestClassExecutor.java:116)
	at org.gradle.api.internal.tasks.testing.junit.JUnitTestClassExecutor.execute(JUnitTestClassExecutor.java:59)
	at org.gradle.api.internal.tasks.testing.junit.JUnitTestClassExecutor.execute(JUnitTestClassExecutor.java:39)
	at org.gradle.api.internal.tasks.testing.junit.AbstractJUnitTestClassProcessor.processTestClass(AbstractJUnitTestClassProcessor.java:66)
	at org.gradle.api.internal.tasks.testing.SuiteTestClassProcessor.processTestClass(SuiteTestClassProcessor.java:51)
	at sun.reflect.NativeMethodAccessorImpl.invoke0(Native Method)
	at sun.reflect.NativeMethodAccessorImpl.invoke(NativeMethodAccessorImpl.java:62)
	at sun.reflect.DelegatingMethodAccessorImpl.invoke(DelegatingMethodAccessorImpl.java:43)
	at java.lang.reflect.Method.invoke(Method.java:498)
	at org.gradle.internal.dispatch.ReflectionDispatch.dispatch(ReflectionDispatch.java:35)
	at org.gradle.internal.dispatch.ReflectionDispatch.dispatch(ReflectionDispatch.java:24)
	at org.gradle.internal.dispatch.ContextClassLoaderDispatch.dispatch(ContextClassLoaderDispatch.java:32)
	at org.gradle.internal.dispatch.ProxyDispatchAdapter$DispatchingInvocationHandler.invoke(ProxyDispatchAdapter.java:93)
	at com.sun.proxy.$Proxy4.processTestClass(Unknown Source)
	at org.gradle.api.internal.tasks.testing.worker.TestWorker.processTestClass(TestWorker.java:109)
	at sun.reflect.NativeMethodAccessorImpl.invoke0(Native Method)
	at sun.reflect.NativeMethodAccessorImpl.invoke(NativeMethodAccessorImpl.java:62)
	at sun.reflect.DelegatingMethodAccessorImpl.invoke(DelegatingMethodAccessorImpl.java:43)
	at java.lang.reflect.Method.invoke(Method.java:498)
	at org.gradle.internal.dispatch.ReflectionDispatch.dispatch(ReflectionDispatch.java:35)
	at org.gradle.internal.dispatch.ReflectionDispatch.dispatch(ReflectionDispatch.java:24)
	at org.gradle.internal.remote.internal.hub.MessageHubBackedObjectConnection$DispatchWrapper.dispatch(MessageHubBackedObjectConnection.java:146)
	at org.gradle.internal.remote.internal.hub.MessageHubBackedObjectConnection$DispatchWrapper.dispatch(MessageHubBackedObjectConnection.java:128)
	at org.gradle.internal.remote.internal.hub.MessageHub$Handler.run(MessageHub.java:404)
	at org.gradle.internal.concurrent.ExecutorPolicy$CatchAndRecordFailures.onExecute(ExecutorPolicy.java:63)
	at org.gradle.internal.concurrent.ManagedExecutorImpl$1.run(ManagedExecutorImpl.java:46)
	at java.util.concurrent.ThreadPoolExecutor.runWorker(ThreadPoolExecutor.java:1149)
	at java.util.concurrent.ThreadPoolExecutor$Worker.run(ThreadPoolExecutor.java:624)
	at org.gradle.internal.concurrent.ThreadFactoryImpl$ManagedThreadRunnable.run(ThreadFactoryImpl.java:55)
	at java.lang.Thread.run(Thread.java:748)
</pre>
      </div>
    </div>
  </div>

=======
>>>>>>> Stashed changes
          
          

        </div>
              <div class="hook">
          <div class="brief passed">
            <span class="keyword indention">Before</span>
                          <span class="location name">SimulationBehaviorStepDefs.before(Scenario)</span>
                        
  <span class="lead-duration duration">000ms</span>

          </div>

                      

          
          

        </div>
          </div>
  </div>


    
<div class="steps inner-level">
<<<<<<< Updated upstream
    <div data-toggle="collapse" class=" collapsable-control" data-target="#steps-10">
=======
    <div data-toggle="collapse" class=" collapsed  collapsable-control" data-target="#steps-7">
>>>>>>> Stashed changes
    
<div class="brief passed">
  <span class="keyword indention">Steps</span>
  <span class="name"></span>
  

       <i class="chevron fa fa-fw"></i>
  </div>

  </div>

<<<<<<< Updated upstream
  <div id="steps-10" class="inner-level collapse collapsable-details  in ">
=======
  <div id="steps-7" class="inner-level collapse collapsable-details ">
>>>>>>> Stashed changes
          <div class="step">
        
<div class="brief passed">
  <span class="keyword indention">Given</span>
  <span class="name">Agent "AgentOne" is created on the OfferNet</span>
  
  <span class="lead-duration duration">1s 038ms</span>

  </div>

        


        
        

        

        

      </div>
          <div class="step">
        
<div class="brief passed">
  <span class="keyword indention">And</span>
  <span class="name">Agent "AgentTwo" is created on the OfferNet</span>
  
  <span class="lead-duration duration">1s 037ms</span>

  </div>

        


        
        

        

        

      </div>
          <div class="step">
        
<div class="brief passed">
  <span class="keyword indention">And</span>
  <span class="name">there is no "knows" link between "AgentOne" and "AgentTwo"</span>
  
  <span class="lead-duration duration">1s 073ms</span>

  </div>

        


        
        

        

        

      </div>
          <div class="step">
        
<div class="brief passed">
  <span class="keyword indention">And</span>
  <span class="name">there is no "knows" link between "AgentTwo" and "AgentOne"</span>
  
  <span class="lead-duration duration">1s 075ms</span>

  </div>

        


        
        

        

        

      </div>
          <div class="step">
        
<div class="brief passed">
  <span class="keyword indention">When</span>
  <span class="name">Agent "AgentOne" befriends Agent "AgentTwo"</span>
  
  <span class="lead-duration duration">1s 072ms</span>

  </div>

        


        
        

        

        

      </div>
          <div class="step">
        
<div class="brief passed">
  <span class="keyword indention">Then</span>
  <span class="name">there is "knows" link between "AgentOne" and "AgentTwo"</span>
  
  <span class="lead-duration duration">1s 077ms</span>

  </div>

        


        
        

        

        

      </div>
          <div class="step">
        
<div class="brief passed">
  <span class="keyword indention">And</span>
  <span class="name">there is no "knows" link between "AgentTwo" and "AgentOne"</span>
  
  <span class="lead-duration duration">1s 072ms</span>

  </div>

        


        
        

        

        

      </div>
      </div>
</div>


    
  <div class="inner-level hooks-after">
<<<<<<< Updated upstream
        <div data-toggle="collapse" class=" collapsable-control" data-target="#after-11">
=======
        <div data-toggle="collapse" class=" collapsed  collapsable-control" data-target="#after-8">
>>>>>>> Stashed changes
      
<div class="brief failed">
  <span class="keyword indention">Hooks</span>
  <span class="name"></span>
  

       <i class="chevron fa fa-fw"></i>
  </div>

    </div>

<<<<<<< Updated upstream
    <div id="after-11" class="inner-level collapse collapsable-details  in ">
=======
    <div id="after-8" class="inner-level collapse collapsable-details ">
>>>>>>> Stashed changes
              <div class="hook">
          <div class="brief failed">
            <span class="keyword indention">After</span>
                          <span class="location name">AgentBehaviorStepDefs.after(Scenario)</span>
                        
  <span class="lead-duration duration">034ms</span>

          </div>

                      

  <div class="inner-level">
    <div class="message indention">
      <div data-toggle="collapse" class="collapsable-control" data-target="#msg-12">
          <a>Error message</a>
      </div>
      <div id="msg-12" class="collapse collapsable-details">
        <pre>java.lang.NullPointerException
	at io.singularitynet.offernet.AgentBehaviorStepDefs.after(AgentBehaviorStepDefs.java:54)
	at sun.reflect.NativeMethodAccessorImpl.invoke0(Native Method)
	at sun.reflect.NativeMethodAccessorImpl.invoke(NativeMethodAccessorImpl.java:62)
	at sun.reflect.DelegatingMethodAccessorImpl.invoke(DelegatingMethodAccessorImpl.java:43)
	at java.lang.reflect.Method.invoke(Method.java:498)
	at cucumber.runtime.Utils$1.call(Utils.java:40)
	at cucumber.runtime.Timeout.timeout(Timeout.java:16)
	at cucumber.runtime.Utils.invoke(Utils.java:34)
	at cucumber.runtime.java.JavaHookDefinition.execute(JavaHookDefinition.java:60)
	at cucumber.runtime.Runtime.runHookIfTagsMatch(Runtime.java:224)
	at cucumber.runtime.Runtime.runHooks(Runtime.java:212)
	at cucumber.runtime.Runtime.runAfterHooks(Runtime.java:206)
	at cucumber.runtime.model.CucumberScenario.run(CucumberScenario.java:46)
	at cucumber.runtime.junit.ExecutionUnitRunner.run(ExecutionUnitRunner.java:102)
	at cucumber.runtime.junit.FeatureRunner.runChild(FeatureRunner.java:63)
	at cucumber.runtime.junit.FeatureRunner.runChild(FeatureRunner.java:18)
	at org.junit.runners.ParentRunner$3.run(ParentRunner.java:290)
	at org.junit.runners.ParentRunner$1.schedule(ParentRunner.java:71)
	at org.junit.runners.ParentRunner.runChildren(ParentRunner.java:288)
	at org.junit.runners.ParentRunner.access$000(ParentRunner.java:58)
	at org.junit.runners.ParentRunner$2.evaluate(ParentRunner.java:268)
	at org.junit.runners.ParentRunner.run(ParentRunner.java:363)
	at cucumber.runtime.junit.FeatureRunner.run(FeatureRunner.java:70)
	at cucumber.api.junit.Cucumber.runChild(Cucumber.java:95)
	at cucumber.api.junit.Cucumber.runChild(Cucumber.java:38)
	at org.junit.runners.ParentRunner$3.run(ParentRunner.java:290)
	at org.junit.runners.ParentRunner$1.schedule(ParentRunner.java:71)
	at org.junit.runners.ParentRunner.runChildren(ParentRunner.java:288)
	at org.junit.runners.ParentRunner.access$000(ParentRunner.java:58)
	at org.junit.runners.ParentRunner$2.evaluate(ParentRunner.java:268)
	at org.junit.internal.runners.statements.RunAfters.evaluate(RunAfters.java:27)
	at org.junit.runners.ParentRunner.run(ParentRunner.java:363)
	at cucumber.api.junit.Cucumber.run(Cucumber.java:100)
	at org.gradle.api.internal.tasks.testing.junit.JUnitTestClassExecutor.runTestClass(JUnitTestClassExecutor.java:116)
	at org.gradle.api.internal.tasks.testing.junit.JUnitTestClassExecutor.execute(JUnitTestClassExecutor.java:59)
	at org.gradle.api.internal.tasks.testing.junit.JUnitTestClassExecutor.execute(JUnitTestClassExecutor.java:39)
	at org.gradle.api.internal.tasks.testing.junit.AbstractJUnitTestClassProcessor.processTestClass(AbstractJUnitTestClassProcessor.java:66)
	at org.gradle.api.internal.tasks.testing.SuiteTestClassProcessor.processTestClass(SuiteTestClassProcessor.java:51)
	at sun.reflect.NativeMethodAccessorImpl.invoke0(Native Method)
	at sun.reflect.NativeMethodAccessorImpl.invoke(NativeMethodAccessorImpl.java:62)
	at sun.reflect.DelegatingMethodAccessorImpl.invoke(DelegatingMethodAccessorImpl.java:43)
	at java.lang.reflect.Method.invoke(Method.java:498)
	at org.gradle.internal.dispatch.ReflectionDispatch.dispatch(ReflectionDispatch.java:35)
	at org.gradle.internal.dispatch.ReflectionDispatch.dispatch(ReflectionDispatch.java:24)
	at org.gradle.internal.dispatch.ContextClassLoaderDispatch.dispatch(ContextClassLoaderDispatch.java:32)
	at org.gradle.internal.dispatch.ProxyDispatchAdapter$DispatchingInvocationHandler.invoke(ProxyDispatchAdapter.java:93)
	at com.sun.proxy.$Proxy4.processTestClass(Unknown Source)
	at org.gradle.api.internal.tasks.testing.worker.TestWorker.processTestClass(TestWorker.java:109)
	at sun.reflect.NativeMethodAccessorImpl.invoke0(Native Method)
	at sun.reflect.NativeMethodAccessorImpl.invoke(NativeMethodAccessorImpl.java:62)
	at sun.reflect.DelegatingMethodAccessorImpl.invoke(DelegatingMethodAccessorImpl.java:43)
	at java.lang.reflect.Method.invoke(Method.java:498)
	at org.gradle.internal.dispatch.ReflectionDispatch.dispatch(ReflectionDispatch.java:35)
	at org.gradle.internal.dispatch.ReflectionDispatch.dispatch(ReflectionDispatch.java:24)
	at org.gradle.internal.remote.internal.hub.MessageHubBackedObjectConnection$DispatchWrapper.dispatch(MessageHubBackedObjectConnection.java:146)
	at org.gradle.internal.remote.internal.hub.MessageHubBackedObjectConnection$DispatchWrapper.dispatch(MessageHubBackedObjectConnection.java:128)
	at org.gradle.internal.remote.internal.hub.MessageHub$Handler.run(MessageHub.java:404)
	at org.gradle.internal.concurrent.ExecutorPolicy$CatchAndRecordFailures.onExecute(ExecutorPolicy.java:63)
	at org.gradle.internal.concurrent.ManagedExecutorImpl$1.run(ManagedExecutorImpl.java:46)
	at java.util.concurrent.ThreadPoolExecutor.runWorker(ThreadPoolExecutor.java:1149)
	at java.util.concurrent.ThreadPoolExecutor$Worker.run(ThreadPoolExecutor.java:624)
	at org.gradle.internal.concurrent.ThreadFactoryImpl$ManagedThreadRunnable.run(ThreadFactoryImpl.java:55)
	at java.lang.Thread.run(Thread.java:748)
</pre>
      </div>
    </div>
  </div>

          
          

        </div>
          </div>
  </div>

  </div>
</div>

                  
<div class="element">
      <div class="indention">
      <a href="report-feature_AgentBehavior-feature.html">View Feature</a> <i>Agent behaviour</i>
    </div>
  
  
<div class="tags indention">
       <a href="report-tag_indoc.html">@indoc</a>
  </div>


<<<<<<< Updated upstream
    <span data-toggle="collapse" class=" collapsable-control" data-target="#element-13">
=======
    <span data-toggle="collapse" class=" collapsed  collapsable-control" data-target="#element-9">
>>>>>>> Stashed changes
    
<div class="brief passed">
  <span class="keyword indention">Scenario</span>
  <span class="name">an agent can post an {offer-demand} pair to the OfferNet</span>
  

       <i class="chevron fa fa-fw"></i>
  </div>

  </span>
  <div class="description indention">Agents in an Offer Network engage in exchange by publishing an offer-demand pairs, or 'work's. See explanation of the Offer Network structure in [Data structures and objects].</div>

<<<<<<< Updated upstream
  <div id="element-13" class="collapse collapsable-details  in ">
    
  <div class="inner-level hooks-before">
        <div data-toggle="collapse" class=" collapsable-control" data-target="#before-14">
=======
  <div id="element-9" class="collapse collapsable-details ">
    
  <div class="inner-level hooks-before">
        <div data-toggle="collapse" class=" collapsed  collapsable-control" data-target="#before-10">
>>>>>>> Stashed changes
      
<div class="brief passed">
  <span class="keyword indention">Hooks</span>
  <span class="name"></span>
  

       <i class="chevron fa fa-fw"></i>
  </div>

    </div>

<<<<<<< Updated upstream
    <div id="before-14" class="inner-level collapse collapsable-details  in ">
=======
    <div id="before-10" class="inner-level collapse collapsable-details ">
              <div class="hook">
          <div class="brief passed">
            <span class="keyword indention">Before</span>
                          <span class="location name">SimulationBehaviorStepDefs.before(Scenario)</span>
                        
  <span class="lead-duration duration">000ms</span>

          </div>

                      

          
          

        </div>
>>>>>>> Stashed changes
              <div class="hook">
          <div class="brief passed">
            <span class="keyword indention">Before</span>
                          <span class="location name">AgentBehaviorStepDefs.before(Scenario)</span>
                        
<<<<<<< Updated upstream
  <span class="lead-duration duration">725ms</span>
=======
  <span class="lead-duration duration">349ms</span>
>>>>>>> Stashed changes

          </div>

                      

<<<<<<< Updated upstream
  <div class="inner-level">
    <div class="message indention">
      <div data-toggle="collapse" class="collapsable-control" data-target="#msg-15">
          <a>Error message</a>
      </div>
      <div id="msg-15" class="collapse collapsable-details">
        <pre>akka.actor.IllegalActorStateException: underlying actor is terminated
	at akka.actor.IllegalActorStateException$.apply(Actor.scala:158)
	at akka.testkit.TestActorRef.underlyingActor(TestActorRef.scala:89)
	at io.singularitynet.offernet.AgentBehaviorStepDefs.before(AgentBehaviorStepDefs.java:48)
	at sun.reflect.NativeMethodAccessorImpl.invoke0(Native Method)
	at sun.reflect.NativeMethodAccessorImpl.invoke(NativeMethodAccessorImpl.java:62)
	at sun.reflect.DelegatingMethodAccessorImpl.invoke(DelegatingMethodAccessorImpl.java:43)
	at java.lang.reflect.Method.invoke(Method.java:498)
	at cucumber.runtime.Utils$1.call(Utils.java:40)
	at cucumber.runtime.Timeout.timeout(Timeout.java:16)
	at cucumber.runtime.Utils.invoke(Utils.java:34)
	at cucumber.runtime.java.JavaHookDefinition.execute(JavaHookDefinition.java:60)
	at cucumber.runtime.Runtime.runHookIfTagsMatch(Runtime.java:224)
	at cucumber.runtime.Runtime.runHooks(Runtime.java:212)
	at cucumber.runtime.Runtime.runBeforeHooks(Runtime.java:202)
	at cucumber.runtime.model.CucumberScenario.run(CucumberScenario.java:40)
	at cucumber.runtime.junit.ExecutionUnitRunner.run(ExecutionUnitRunner.java:102)
	at cucumber.runtime.junit.FeatureRunner.runChild(FeatureRunner.java:63)
	at cucumber.runtime.junit.FeatureRunner.runChild(FeatureRunner.java:18)
	at org.junit.runners.ParentRunner$3.run(ParentRunner.java:290)
	at org.junit.runners.ParentRunner$1.schedule(ParentRunner.java:71)
	at org.junit.runners.ParentRunner.runChildren(ParentRunner.java:288)
	at org.junit.runners.ParentRunner.access$000(ParentRunner.java:58)
	at org.junit.runners.ParentRunner$2.evaluate(ParentRunner.java:268)
	at org.junit.runners.ParentRunner.run(ParentRunner.java:363)
	at cucumber.runtime.junit.FeatureRunner.run(FeatureRunner.java:70)
	at cucumber.api.junit.Cucumber.runChild(Cucumber.java:95)
	at cucumber.api.junit.Cucumber.runChild(Cucumber.java:38)
	at org.junit.runners.ParentRunner$3.run(ParentRunner.java:290)
	at org.junit.runners.ParentRunner$1.schedule(ParentRunner.java:71)
	at org.junit.runners.ParentRunner.runChildren(ParentRunner.java:288)
	at org.junit.runners.ParentRunner.access$000(ParentRunner.java:58)
	at org.junit.runners.ParentRunner$2.evaluate(ParentRunner.java:268)
	at org.junit.internal.runners.statements.RunAfters.evaluate(RunAfters.java:27)
	at org.junit.runners.ParentRunner.run(ParentRunner.java:363)
	at cucumber.api.junit.Cucumber.run(Cucumber.java:100)
	at org.gradle.api.internal.tasks.testing.junit.JUnitTestClassExecutor.runTestClass(JUnitTestClassExecutor.java:116)
	at org.gradle.api.internal.tasks.testing.junit.JUnitTestClassExecutor.execute(JUnitTestClassExecutor.java:59)
	at org.gradle.api.internal.tasks.testing.junit.JUnitTestClassExecutor.execute(JUnitTestClassExecutor.java:39)
	at org.gradle.api.internal.tasks.testing.junit.AbstractJUnitTestClassProcessor.processTestClass(AbstractJUnitTestClassProcessor.java:66)
	at org.gradle.api.internal.tasks.testing.SuiteTestClassProcessor.processTestClass(SuiteTestClassProcessor.java:51)
	at sun.reflect.NativeMethodAccessorImpl.invoke0(Native Method)
	at sun.reflect.NativeMethodAccessorImpl.invoke(NativeMethodAccessorImpl.java:62)
	at sun.reflect.DelegatingMethodAccessorImpl.invoke(DelegatingMethodAccessorImpl.java:43)
	at java.lang.reflect.Method.invoke(Method.java:498)
	at org.gradle.internal.dispatch.ReflectionDispatch.dispatch(ReflectionDispatch.java:35)
	at org.gradle.internal.dispatch.ReflectionDispatch.dispatch(ReflectionDispatch.java:24)
	at org.gradle.internal.dispatch.ContextClassLoaderDispatch.dispatch(ContextClassLoaderDispatch.java:32)
	at org.gradle.internal.dispatch.ProxyDispatchAdapter$DispatchingInvocationHandler.invoke(ProxyDispatchAdapter.java:93)
	at com.sun.proxy.$Proxy4.processTestClass(Unknown Source)
	at org.gradle.api.internal.tasks.testing.worker.TestWorker.processTestClass(TestWorker.java:109)
	at sun.reflect.NativeMethodAccessorImpl.invoke0(Native Method)
	at sun.reflect.NativeMethodAccessorImpl.invoke(NativeMethodAccessorImpl.java:62)
	at sun.reflect.DelegatingMethodAccessorImpl.invoke(DelegatingMethodAccessorImpl.java:43)
	at java.lang.reflect.Method.invoke(Method.java:498)
	at org.gradle.internal.dispatch.ReflectionDispatch.dispatch(ReflectionDispatch.java:35)
	at org.gradle.internal.dispatch.ReflectionDispatch.dispatch(ReflectionDispatch.java:24)
	at org.gradle.internal.remote.internal.hub.MessageHubBackedObjectConnection$DispatchWrapper.dispatch(MessageHubBackedObjectConnection.java:146)
	at org.gradle.internal.remote.internal.hub.MessageHubBackedObjectConnection$DispatchWrapper.dispatch(MessageHubBackedObjectConnection.java:128)
	at org.gradle.internal.remote.internal.hub.MessageHub$Handler.run(MessageHub.java:404)
	at org.gradle.internal.concurrent.ExecutorPolicy$CatchAndRecordFailures.onExecute(ExecutorPolicy.java:63)
	at org.gradle.internal.concurrent.ManagedExecutorImpl$1.run(ManagedExecutorImpl.java:46)
	at java.util.concurrent.ThreadPoolExecutor.runWorker(ThreadPoolExecutor.java:1149)
	at java.util.concurrent.ThreadPoolExecutor$Worker.run(ThreadPoolExecutor.java:624)
	at org.gradle.internal.concurrent.ThreadFactoryImpl$ManagedThreadRunnable.run(ThreadFactoryImpl.java:55)
	at java.lang.Thread.run(Thread.java:748)
</pre>
      </div>
    </div>
  </div>

=======
>>>>>>> Stashed changes
          
          

        </div>
              <div class="hook">
          <div class="brief passed">
            <span class="keyword indention">Before</span>
                          <span class="location name">SimulationBehaviorStepDefs.before(Scenario)</span>
                        
  <span class="lead-duration duration">000ms</span>

          </div>

                      

          
          

        </div>
          </div>
  </div>


    
<div class="steps inner-level">
<<<<<<< Updated upstream
    <div data-toggle="collapse" class=" collapsable-control" data-target="#steps-16">
=======
    <div data-toggle="collapse" class=" collapsed  collapsable-control" data-target="#steps-11">
>>>>>>> Stashed changes
    
<div class="brief passed">
  <span class="keyword indention">Steps</span>
  <span class="name"></span>
  

       <i class="chevron fa fa-fw"></i>
  </div>

  </div>

<<<<<<< Updated upstream
  <div id="steps-16" class="inner-level collapse collapsable-details  in ">
=======
  <div id="steps-11" class="inner-level collapse collapsable-details ">
>>>>>>> Stashed changes
          <div class="step">
        
<div class="brief passed">
  <span class="keyword indention">Given</span>
  <span class="name">Agent "AgentOne" is created on the OfferNet</span>
  
  <span class="lead-duration duration">1s 039ms</span>

  </div>

        


        
        

        

        

      </div>
          <div class="step">
        
<div class="brief passed">
  <span class="keyword indention">When</span>
  <span class="name">Agent "AgentOne" posts a pair of offer "0.15" and demand of "0.57"</span>
  
  <span class="lead-duration duration">1s 104ms</span>

  </div>

        


        
        

        

        

      </div>
          <div class="step">
        
<div class="brief passed">
  <span class="keyword indention">Then</span>
  <span class="name">Agent "AgentOne" owns a work which "demands" item "0.57"</span>
  
  <span class="lead-duration duration">1s 081ms</span>

  </div>

        


        
        

        

        

      </div>
          <div class="step">
        
<div class="brief passed">
  <span class="keyword indention">And</span>
  <span class="name">Agent "AgentOne" owns a work which "offers" item "0.15"</span>
  
  <span class="lead-duration duration">1s 086ms</span>

  </div>

        


        
        

        

        

      </div>
      </div>
</div>


    
  <div class="inner-level hooks-after">
<<<<<<< Updated upstream
        <div data-toggle="collapse" class=" collapsable-control" data-target="#after-17">
=======
        <div data-toggle="collapse" class=" collapsed  collapsable-control" data-target="#after-12">
>>>>>>> Stashed changes
      
<div class="brief failed">
  <span class="keyword indention">Hooks</span>
  <span class="name"></span>
  

       <i class="chevron fa fa-fw"></i>
  </div>

    </div>

<<<<<<< Updated upstream
    <div id="after-17" class="inner-level collapse collapsable-details  in ">
=======
    <div id="after-12" class="inner-level collapse collapsable-details ">
>>>>>>> Stashed changes
              <div class="hook">
          <div class="brief failed">
            <span class="keyword indention">After</span>
                          <span class="location name">AgentBehaviorStepDefs.after(Scenario)</span>
                        
<<<<<<< Updated upstream
  <span class="lead-duration duration">003ms</span>
=======
  <span class="lead-duration duration">021ms</span>
>>>>>>> Stashed changes

          </div>

                      

  <div class="inner-level">
    <div class="message indention">
      <div data-toggle="collapse" class="collapsable-control" data-target="#msg-18">
          <a>Error message</a>
      </div>
      <div id="msg-18" class="collapse collapsable-details">
        <pre>java.lang.NullPointerException
	at io.singularitynet.offernet.AgentBehaviorStepDefs.after(AgentBehaviorStepDefs.java:54)
	at sun.reflect.NativeMethodAccessorImpl.invoke0(Native Method)
	at sun.reflect.NativeMethodAccessorImpl.invoke(NativeMethodAccessorImpl.java:62)
	at sun.reflect.DelegatingMethodAccessorImpl.invoke(DelegatingMethodAccessorImpl.java:43)
	at java.lang.reflect.Method.invoke(Method.java:498)
	at cucumber.runtime.Utils$1.call(Utils.java:40)
	at cucumber.runtime.Timeout.timeout(Timeout.java:16)
	at cucumber.runtime.Utils.invoke(Utils.java:34)
	at cucumber.runtime.java.JavaHookDefinition.execute(JavaHookDefinition.java:60)
	at cucumber.runtime.Runtime.runHookIfTagsMatch(Runtime.java:224)
	at cucumber.runtime.Runtime.runHooks(Runtime.java:212)
	at cucumber.runtime.Runtime.runAfterHooks(Runtime.java:206)
	at cucumber.runtime.model.CucumberScenario.run(CucumberScenario.java:46)
	at cucumber.runtime.junit.ExecutionUnitRunner.run(ExecutionUnitRunner.java:102)
	at cucumber.runtime.junit.FeatureRunner.runChild(FeatureRunner.java:63)
	at cucumber.runtime.junit.FeatureRunner.runChild(FeatureRunner.java:18)
	at org.junit.runners.ParentRunner$3.run(ParentRunner.java:290)
	at org.junit.runners.ParentRunner$1.schedule(ParentRunner.java:71)
	at org.junit.runners.ParentRunner.runChildren(ParentRunner.java:288)
	at org.junit.runners.ParentRunner.access$000(ParentRunner.java:58)
	at org.junit.runners.ParentRunner$2.evaluate(ParentRunner.java:268)
	at org.junit.runners.ParentRunner.run(ParentRunner.java:363)
	at cucumber.runtime.junit.FeatureRunner.run(FeatureRunner.java:70)
	at cucumber.api.junit.Cucumber.runChild(Cucumber.java:95)
	at cucumber.api.junit.Cucumber.runChild(Cucumber.java:38)
	at org.junit.runners.ParentRunner$3.run(ParentRunner.java:290)
	at org.junit.runners.ParentRunner$1.schedule(ParentRunner.java:71)
	at org.junit.runners.ParentRunner.runChildren(ParentRunner.java:288)
	at org.junit.runners.ParentRunner.access$000(ParentRunner.java:58)
	at org.junit.runners.ParentRunner$2.evaluate(ParentRunner.java:268)
	at org.junit.internal.runners.statements.RunAfters.evaluate(RunAfters.java:27)
	at org.junit.runners.ParentRunner.run(ParentRunner.java:363)
	at cucumber.api.junit.Cucumber.run(Cucumber.java:100)
	at org.gradle.api.internal.tasks.testing.junit.JUnitTestClassExecutor.runTestClass(JUnitTestClassExecutor.java:116)
	at org.gradle.api.internal.tasks.testing.junit.JUnitTestClassExecutor.execute(JUnitTestClassExecutor.java:59)
	at org.gradle.api.internal.tasks.testing.junit.JUnitTestClassExecutor.execute(JUnitTestClassExecutor.java:39)
	at org.gradle.api.internal.tasks.testing.junit.AbstractJUnitTestClassProcessor.processTestClass(AbstractJUnitTestClassProcessor.java:66)
	at org.gradle.api.internal.tasks.testing.SuiteTestClassProcessor.processTestClass(SuiteTestClassProcessor.java:51)
	at sun.reflect.NativeMethodAccessorImpl.invoke0(Native Method)
	at sun.reflect.NativeMethodAccessorImpl.invoke(NativeMethodAccessorImpl.java:62)
	at sun.reflect.DelegatingMethodAccessorImpl.invoke(DelegatingMethodAccessorImpl.java:43)
	at java.lang.reflect.Method.invoke(Method.java:498)
	at org.gradle.internal.dispatch.ReflectionDispatch.dispatch(ReflectionDispatch.java:35)
	at org.gradle.internal.dispatch.ReflectionDispatch.dispatch(ReflectionDispatch.java:24)
	at org.gradle.internal.dispatch.ContextClassLoaderDispatch.dispatch(ContextClassLoaderDispatch.java:32)
	at org.gradle.internal.dispatch.ProxyDispatchAdapter$DispatchingInvocationHandler.invoke(ProxyDispatchAdapter.java:93)
	at com.sun.proxy.$Proxy4.processTestClass(Unknown Source)
	at org.gradle.api.internal.tasks.testing.worker.TestWorker.processTestClass(TestWorker.java:109)
	at sun.reflect.NativeMethodAccessorImpl.invoke0(Native Method)
	at sun.reflect.NativeMethodAccessorImpl.invoke(NativeMethodAccessorImpl.java:62)
	at sun.reflect.DelegatingMethodAccessorImpl.invoke(DelegatingMethodAccessorImpl.java:43)
	at java.lang.reflect.Method.invoke(Method.java:498)
	at org.gradle.internal.dispatch.ReflectionDispatch.dispatch(ReflectionDispatch.java:35)
	at org.gradle.internal.dispatch.ReflectionDispatch.dispatch(ReflectionDispatch.java:24)
	at org.gradle.internal.remote.internal.hub.MessageHubBackedObjectConnection$DispatchWrapper.dispatch(MessageHubBackedObjectConnection.java:146)
	at org.gradle.internal.remote.internal.hub.MessageHubBackedObjectConnection$DispatchWrapper.dispatch(MessageHubBackedObjectConnection.java:128)
	at org.gradle.internal.remote.internal.hub.MessageHub$Handler.run(MessageHub.java:404)
	at org.gradle.internal.concurrent.ExecutorPolicy$CatchAndRecordFailures.onExecute(ExecutorPolicy.java:63)
	at org.gradle.internal.concurrent.ManagedExecutorImpl$1.run(ManagedExecutorImpl.java:46)
	at java.util.concurrent.ThreadPoolExecutor.runWorker(ThreadPoolExecutor.java:1149)
	at java.util.concurrent.ThreadPoolExecutor$Worker.run(ThreadPoolExecutor.java:624)
	at org.gradle.internal.concurrent.ThreadFactoryImpl$ManagedThreadRunnable.run(ThreadFactoryImpl.java:55)
	at java.lang.Thread.run(Thread.java:748)
</pre>
      </div>
    </div>
  </div>

          
          

        </div>
          </div>
  </div>

  </div>
</div>

                  
<div class="element">
      <div class="indention">
      <a href="report-feature_AgentBehavior-feature.html">View Feature</a> <i>Agent behaviour</i>
    </div>
  
  
<div class="tags indention">
       <a href="report-tag_indoc.html">@indoc</a>
  </div>


<<<<<<< Updated upstream
    <span data-toggle="collapse" class=" collapsable-control" data-target="#element-19">
=======
    <span data-toggle="collapse" class=" collapsed  collapsable-control" data-target="#element-13">
>>>>>>> Stashed changes
    
<div class="brief passed">
  <span class="keyword indention">Scenario Outline</span>
  <span class="name">an agent can access all posted offers and demands by traversing its social network</span>
  

       <i class="chevron fa fa-fw"></i>
  </div>

  </span>
  <div class="description indention">In a distributed system where there is no global observer which has the registry of all agents and their items of offer and demand. In this case, the only way for an agent to access items of other agents is to traverse its social network (to a given depth) and ask all friends of friends to send information about their items. Since the OfferNet is fully connected (and hopefully is a small world network) the whole network can be scanned this way, depending on availability of time and resource constrains of an agent which initiates the search. The expected number of items that an agent has to find in its social network is calculated as follows: $(numberOfAgents -1) * pairsPerAgent * 2$ (as every pair holds two items: one demand and one offer..).</div>

<<<<<<< Updated upstream
  <div id="element-19" class="collapse collapsable-details  in ">
    
  <div class="inner-level hooks-before">
        <div data-toggle="collapse" class=" collapsable-control" data-target="#before-20">
=======
  <div id="element-13" class="collapse collapsable-details ">
    
  <div class="inner-level hooks-before">
        <div data-toggle="collapse" class=" collapsed  collapsable-control" data-target="#before-14">
>>>>>>> Stashed changes
      
<div class="brief passed">
  <span class="keyword indention">Hooks</span>
  <span class="name"></span>
  

       <i class="chevron fa fa-fw"></i>
  </div>

    </div>

<<<<<<< Updated upstream
    <div id="before-20" class="inner-level collapse collapsable-details  in ">
=======
    <div id="before-14" class="inner-level collapse collapsable-details ">
              <div class="hook">
          <div class="brief passed">
            <span class="keyword indention">Before</span>
                          <span class="location name">SimulationBehaviorStepDefs.before(Scenario)</span>
                        
  <span class="lead-duration duration">000ms</span>

          </div>

                      

          
          

        </div>
>>>>>>> Stashed changes
              <div class="hook">
          <div class="brief passed">
            <span class="keyword indention">Before</span>
                          <span class="location name">AgentBehaviorStepDefs.before(Scenario)</span>
                        
<<<<<<< Updated upstream
  <span class="lead-duration duration">5s 361ms</span>
=======
  <span class="lead-duration duration">306ms</span>
>>>>>>> Stashed changes

          </div>

                      

<<<<<<< Updated upstream
  <div class="inner-level">
    <div class="message indention">
      <div data-toggle="collapse" class="collapsable-control" data-target="#msg-21">
          <a>Error message</a>
      </div>
      <div id="msg-21" class="collapse collapsable-details">
        <pre>java.util.concurrent.TimeoutException: Futures timed out after [5000 milliseconds]
	at scala.concurrent.impl.Promise$DefaultPromise.ready(Promise.scala:255)
	at scala.concurrent.impl.Promise$DefaultPromise.result(Promise.scala:259)
	at scala.concurrent.Await$.$anonfun$result$1(package.scala:215)
	at scala.concurrent.BlockContext$DefaultBlockContext$.blockOn(BlockContext.scala:53)
	at scala.concurrent.Await$.result(package.scala:142)
	at akka.testkit.TestActorRef.underlyingActor(TestActorRef.scala:93)
	at io.singularitynet.offernet.AgentBehaviorStepDefs.before(AgentBehaviorStepDefs.java:48)
	at sun.reflect.NativeMethodAccessorImpl.invoke0(Native Method)
	at sun.reflect.NativeMethodAccessorImpl.invoke(NativeMethodAccessorImpl.java:62)
	at sun.reflect.DelegatingMethodAccessorImpl.invoke(DelegatingMethodAccessorImpl.java:43)
	at java.lang.reflect.Method.invoke(Method.java:498)
	at cucumber.runtime.Utils$1.call(Utils.java:40)
	at cucumber.runtime.Timeout.timeout(Timeout.java:16)
	at cucumber.runtime.Utils.invoke(Utils.java:34)
	at cucumber.runtime.java.JavaHookDefinition.execute(JavaHookDefinition.java:60)
	at cucumber.runtime.Runtime.runHookIfTagsMatch(Runtime.java:224)
	at cucumber.runtime.Runtime.runHooks(Runtime.java:212)
	at cucumber.runtime.Runtime.runBeforeHooks(Runtime.java:202)
	at cucumber.runtime.model.CucumberScenario.run(CucumberScenario.java:40)
	at cucumber.runtime.junit.ExecutionUnitRunner.run(ExecutionUnitRunner.java:102)
	at org.junit.runners.Suite.runChild(Suite.java:128)
	at org.junit.runners.Suite.runChild(Suite.java:27)
	at org.junit.runners.ParentRunner$3.run(ParentRunner.java:290)
	at org.junit.runners.ParentRunner$1.schedule(ParentRunner.java:71)
	at org.junit.runners.ParentRunner.runChildren(ParentRunner.java:288)
	at org.junit.runners.ParentRunner.access$000(ParentRunner.java:58)
	at org.junit.runners.ParentRunner$2.evaluate(ParentRunner.java:268)
	at org.junit.runners.ParentRunner.run(ParentRunner.java:363)
	at cucumber.runtime.junit.ExamplesRunner.run(ExamplesRunner.java:59)
	at org.junit.runners.Suite.runChild(Suite.java:128)
	at org.junit.runners.Suite.runChild(Suite.java:27)
	at org.junit.runners.ParentRunner$3.run(ParentRunner.java:290)
	at org.junit.runners.ParentRunner$1.schedule(ParentRunner.java:71)
	at org.junit.runners.ParentRunner.runChildren(ParentRunner.java:288)
	at org.junit.runners.ParentRunner.access$000(ParentRunner.java:58)
	at org.junit.runners.ParentRunner$2.evaluate(ParentRunner.java:268)
	at org.junit.runners.ParentRunner.run(ParentRunner.java:363)
	at cucumber.runtime.junit.ScenarioOutlineRunner.run(ScenarioOutlineRunner.java:53)
	at cucumber.runtime.junit.FeatureRunner.runChild(FeatureRunner.java:63)
	at cucumber.runtime.junit.FeatureRunner.runChild(FeatureRunner.java:18)
	at org.junit.runners.ParentRunner$3.run(ParentRunner.java:290)
	at org.junit.runners.ParentRunner$1.schedule(ParentRunner.java:71)
	at org.junit.runners.ParentRunner.runChildren(ParentRunner.java:288)
	at org.junit.runners.ParentRunner.access$000(ParentRunner.java:58)
	at org.junit.runners.ParentRunner$2.evaluate(ParentRunner.java:268)
	at org.junit.runners.ParentRunner.run(ParentRunner.java:363)
	at cucumber.runtime.junit.FeatureRunner.run(FeatureRunner.java:70)
	at cucumber.api.junit.Cucumber.runChild(Cucumber.java:95)
	at cucumber.api.junit.Cucumber.runChild(Cucumber.java:38)
	at org.junit.runners.ParentRunner$3.run(ParentRunner.java:290)
	at org.junit.runners.ParentRunner$1.schedule(ParentRunner.java:71)
	at org.junit.runners.ParentRunner.runChildren(ParentRunner.java:288)
	at org.junit.runners.ParentRunner.access$000(ParentRunner.java:58)
	at org.junit.runners.ParentRunner$2.evaluate(ParentRunner.java:268)
	at org.junit.internal.runners.statements.RunAfters.evaluate(RunAfters.java:27)
	at org.junit.runners.ParentRunner.run(ParentRunner.java:363)
	at cucumber.api.junit.Cucumber.run(Cucumber.java:100)
	at org.gradle.api.internal.tasks.testing.junit.JUnitTestClassExecutor.runTestClass(JUnitTestClassExecutor.java:116)
	at org.gradle.api.internal.tasks.testing.junit.JUnitTestClassExecutor.execute(JUnitTestClassExecutor.java:59)
	at org.gradle.api.internal.tasks.testing.junit.JUnitTestClassExecutor.execute(JUnitTestClassExecutor.java:39)
	at org.gradle.api.internal.tasks.testing.junit.AbstractJUnitTestClassProcessor.processTestClass(AbstractJUnitTestClassProcessor.java:66)
	at org.gradle.api.internal.tasks.testing.SuiteTestClassProcessor.processTestClass(SuiteTestClassProcessor.java:51)
	at sun.reflect.NativeMethodAccessorImpl.invoke0(Native Method)
	at sun.reflect.NativeMethodAccessorImpl.invoke(NativeMethodAccessorImpl.java:62)
	at sun.reflect.DelegatingMethodAccessorImpl.invoke(DelegatingMethodAccessorImpl.java:43)
	at java.lang.reflect.Method.invoke(Method.java:498)
	at org.gradle.internal.dispatch.ReflectionDispatch.dispatch(ReflectionDispatch.java:35)
	at org.gradle.internal.dispatch.ReflectionDispatch.dispatch(ReflectionDispatch.java:24)
	at org.gradle.internal.dispatch.ContextClassLoaderDispatch.dispatch(ContextClassLoaderDispatch.java:32)
	at org.gradle.internal.dispatch.ProxyDispatchAdapter$DispatchingInvocationHandler.invoke(ProxyDispatchAdapter.java:93)
	at com.sun.proxy.$Proxy4.processTestClass(Unknown Source)
	at org.gradle.api.internal.tasks.testing.worker.TestWorker.processTestClass(TestWorker.java:109)
	at sun.reflect.NativeMethodAccessorImpl.invoke0(Native Method)
	at sun.reflect.NativeMethodAccessorImpl.invoke(NativeMethodAccessorImpl.java:62)
	at sun.reflect.DelegatingMethodAccessorImpl.invoke(DelegatingMethodAccessorImpl.java:43)
	at java.lang.reflect.Method.invoke(Method.java:498)
	at org.gradle.internal.dispatch.ReflectionDispatch.dispatch(ReflectionDispatch.java:35)
	at org.gradle.internal.dispatch.ReflectionDispatch.dispatch(ReflectionDispatch.java:24)
	at org.gradle.internal.remote.internal.hub.MessageHubBackedObjectConnection$DispatchWrapper.dispatch(MessageHubBackedObjectConnection.java:146)
	at org.gradle.internal.remote.internal.hub.MessageHubBackedObjectConnection$DispatchWrapper.dispatch(MessageHubBackedObjectConnection.java:128)
	at org.gradle.internal.remote.internal.hub.MessageHub$Handler.run(MessageHub.java:404)
	at org.gradle.internal.concurrent.ExecutorPolicy$CatchAndRecordFailures.onExecute(ExecutorPolicy.java:63)
	at org.gradle.internal.concurrent.ManagedExecutorImpl$1.run(ManagedExecutorImpl.java:46)
	at java.util.concurrent.ThreadPoolExecutor.runWorker(ThreadPoolExecutor.java:1149)
	at java.util.concurrent.ThreadPoolExecutor$Worker.run(ThreadPoolExecutor.java:624)
	at org.gradle.internal.concurrent.ThreadFactoryImpl$ManagedThreadRunnable.run(ThreadFactoryImpl.java:55)
	at java.lang.Thread.run(Thread.java:748)
</pre>
      </div>
    </div>
  </div>

=======
>>>>>>> Stashed changes
          
          

        </div>
              <div class="hook">
          <div class="brief passed">
            <span class="keyword indention">Before</span>
                          <span class="location name">SimulationBehaviorStepDefs.before(Scenario)</span>
                        
  <span class="lead-duration duration">000ms</span>

          </div>

                      

          
          

        </div>
          </div>
  </div>


    
<div class="steps inner-level">
<<<<<<< Updated upstream
    <div data-toggle="collapse" class=" collapsable-control" data-target="#steps-22">
=======
    <div data-toggle="collapse" class=" collapsed  collapsable-control" data-target="#steps-15">
>>>>>>> Stashed changes
    
<div class="brief passed">
  <span class="keyword indention">Steps</span>
  <span class="name"></span>
  

       <i class="chevron fa fa-fw"></i>
  </div>

  </div>

<<<<<<< Updated upstream
  <div id="steps-22" class="inner-level collapse collapsable-details  in ">
=======
  <div id="steps-15" class="inner-level collapse collapsable-details ">
>>>>>>> Stashed changes
          <div class="step">
        
<div class="brief passed">
  <span class="keyword indention">Given</span>
  <span class="name">there exists an sequentially connected line of '4' agents</span>
  
  <span class="lead-duration duration">132ms</span>

  </div>

        


        
        

        

        

      </div>
          <div class="step">
        
<div class="brief passed">
  <span class="keyword indention">And</span>
  <span class="name">all agents have posted '1' offer-demand pair each</span>
  
  <span class="lead-duration duration">1s 041ms</span>

  </div>

        


        
        

        

        

      </div>
          <div class="step">
        
<div class="brief passed">
  <span class="keyword indention">When</span>
  <span class="name">first agent initiates search of '3' depth</span>
  
  <span class="lead-duration duration">2s 016ms</span>

  </div>

        


        
        

        

        

      </div>
          <div class="step">
        
<div class="brief passed">
  <span class="keyword indention">Then</span>
  <span class="name">agent finds '6' demands and offers in its social network</span>
  
  <span class="lead-duration duration">000ms</span>

  </div>

        


        
        

        

        

      </div>
      </div>
</div>


    
  <div class="inner-level hooks-after">
<<<<<<< Updated upstream
        <div data-toggle="collapse" class=" collapsable-control" data-target="#after-23">
=======
        <div data-toggle="collapse" class=" collapsed  collapsable-control" data-target="#after-16">
>>>>>>> Stashed changes
      
<div class="brief failed">
  <span class="keyword indention">Hooks</span>
  <span class="name"></span>
  

       <i class="chevron fa fa-fw"></i>
  </div>

    </div>

<<<<<<< Updated upstream
    <div id="after-23" class="inner-level collapse collapsable-details  in ">
=======
    <div id="after-16" class="inner-level collapse collapsable-details ">
>>>>>>> Stashed changes
              <div class="hook">
          <div class="brief failed">
            <span class="keyword indention">After</span>
                          <span class="location name">AgentBehaviorStepDefs.after(Scenario)</span>
                        
<<<<<<< Updated upstream
  <span class="lead-duration duration">001ms</span>
=======
  <span class="lead-duration duration">025ms</span>
>>>>>>> Stashed changes

          </div>

                      

  <div class="inner-level">
    <div class="message indention">
      <div data-toggle="collapse" class="collapsable-control" data-target="#msg-24">
          <a>Error message</a>
      </div>
      <div id="msg-24" class="collapse collapsable-details">
        <pre>java.lang.NullPointerException
	at io.singularitynet.offernet.AgentBehaviorStepDefs.after(AgentBehaviorStepDefs.java:54)
	at sun.reflect.NativeMethodAccessorImpl.invoke0(Native Method)
	at sun.reflect.NativeMethodAccessorImpl.invoke(NativeMethodAccessorImpl.java:62)
	at sun.reflect.DelegatingMethodAccessorImpl.invoke(DelegatingMethodAccessorImpl.java:43)
	at java.lang.reflect.Method.invoke(Method.java:498)
	at cucumber.runtime.Utils$1.call(Utils.java:40)
	at cucumber.runtime.Timeout.timeout(Timeout.java:16)
	at cucumber.runtime.Utils.invoke(Utils.java:34)
	at cucumber.runtime.java.JavaHookDefinition.execute(JavaHookDefinition.java:60)
	at cucumber.runtime.Runtime.runHookIfTagsMatch(Runtime.java:224)
	at cucumber.runtime.Runtime.runHooks(Runtime.java:212)
	at cucumber.runtime.Runtime.runAfterHooks(Runtime.java:206)
	at cucumber.runtime.model.CucumberScenario.run(CucumberScenario.java:46)
	at cucumber.runtime.junit.ExecutionUnitRunner.run(ExecutionUnitRunner.java:102)
	at org.junit.runners.Suite.runChild(Suite.java:128)
	at org.junit.runners.Suite.runChild(Suite.java:27)
	at org.junit.runners.ParentRunner$3.run(ParentRunner.java:290)
	at org.junit.runners.ParentRunner$1.schedule(ParentRunner.java:71)
	at org.junit.runners.ParentRunner.runChildren(ParentRunner.java:288)
	at org.junit.runners.ParentRunner.access$000(ParentRunner.java:58)
	at org.junit.runners.ParentRunner$2.evaluate(ParentRunner.java:268)
	at org.junit.runners.ParentRunner.run(ParentRunner.java:363)
	at cucumber.runtime.junit.ExamplesRunner.run(ExamplesRunner.java:59)
	at org.junit.runners.Suite.runChild(Suite.java:128)
	at org.junit.runners.Suite.runChild(Suite.java:27)
	at org.junit.runners.ParentRunner$3.run(ParentRunner.java:290)
	at org.junit.runners.ParentRunner$1.schedule(ParentRunner.java:71)
	at org.junit.runners.ParentRunner.runChildren(ParentRunner.java:288)
	at org.junit.runners.ParentRunner.access$000(ParentRunner.java:58)
	at org.junit.runners.ParentRunner$2.evaluate(ParentRunner.java:268)
	at org.junit.runners.ParentRunner.run(ParentRunner.java:363)
	at cucumber.runtime.junit.ScenarioOutlineRunner.run(ScenarioOutlineRunner.java:53)
	at cucumber.runtime.junit.FeatureRunner.runChild(FeatureRunner.java:63)
	at cucumber.runtime.junit.FeatureRunner.runChild(FeatureRunner.java:18)
	at org.junit.runners.ParentRunner$3.run(ParentRunner.java:290)
	at org.junit.runners.ParentRunner$1.schedule(ParentRunner.java:71)
	at org.junit.runners.ParentRunner.runChildren(ParentRunner.java:288)
	at org.junit.runners.ParentRunner.access$000(ParentRunner.java:58)
	at org.junit.runners.ParentRunner$2.evaluate(ParentRunner.java:268)
	at org.junit.runners.ParentRunner.run(ParentRunner.java:363)
	at cucumber.runtime.junit.FeatureRunner.run(FeatureRunner.java:70)
	at cucumber.api.junit.Cucumber.runChild(Cucumber.java:95)
	at cucumber.api.junit.Cucumber.runChild(Cucumber.java:38)
	at org.junit.runners.ParentRunner$3.run(ParentRunner.java:290)
	at org.junit.runners.ParentRunner$1.schedule(ParentRunner.java:71)
	at org.junit.runners.ParentRunner.runChildren(ParentRunner.java:288)
	at org.junit.runners.ParentRunner.access$000(ParentRunner.java:58)
	at org.junit.runners.ParentRunner$2.evaluate(ParentRunner.java:268)
	at org.junit.internal.runners.statements.RunAfters.evaluate(RunAfters.java:27)
	at org.junit.runners.ParentRunner.run(ParentRunner.java:363)
	at cucumber.api.junit.Cucumber.run(Cucumber.java:100)
	at org.gradle.api.internal.tasks.testing.junit.JUnitTestClassExecutor.runTestClass(JUnitTestClassExecutor.java:116)
	at org.gradle.api.internal.tasks.testing.junit.JUnitTestClassExecutor.execute(JUnitTestClassExecutor.java:59)
	at org.gradle.api.internal.tasks.testing.junit.JUnitTestClassExecutor.execute(JUnitTestClassExecutor.java:39)
	at org.gradle.api.internal.tasks.testing.junit.AbstractJUnitTestClassProcessor.processTestClass(AbstractJUnitTestClassProcessor.java:66)
	at org.gradle.api.internal.tasks.testing.SuiteTestClassProcessor.processTestClass(SuiteTestClassProcessor.java:51)
	at sun.reflect.NativeMethodAccessorImpl.invoke0(Native Method)
	at sun.reflect.NativeMethodAccessorImpl.invoke(NativeMethodAccessorImpl.java:62)
	at sun.reflect.DelegatingMethodAccessorImpl.invoke(DelegatingMethodAccessorImpl.java:43)
	at java.lang.reflect.Method.invoke(Method.java:498)
	at org.gradle.internal.dispatch.ReflectionDispatch.dispatch(ReflectionDispatch.java:35)
	at org.gradle.internal.dispatch.ReflectionDispatch.dispatch(ReflectionDispatch.java:24)
	at org.gradle.internal.dispatch.ContextClassLoaderDispatch.dispatch(ContextClassLoaderDispatch.java:32)
	at org.gradle.internal.dispatch.ProxyDispatchAdapter$DispatchingInvocationHandler.invoke(ProxyDispatchAdapter.java:93)
	at com.sun.proxy.$Proxy4.processTestClass(Unknown Source)
	at org.gradle.api.internal.tasks.testing.worker.TestWorker.processTestClass(TestWorker.java:109)
	at sun.reflect.NativeMethodAccessorImpl.invoke0(Native Method)
	at sun.reflect.NativeMethodAccessorImpl.invoke(NativeMethodAccessorImpl.java:62)
	at sun.reflect.DelegatingMethodAccessorImpl.invoke(DelegatingMethodAccessorImpl.java:43)
	at java.lang.reflect.Method.invoke(Method.java:498)
	at org.gradle.internal.dispatch.ReflectionDispatch.dispatch(ReflectionDispatch.java:35)
	at org.gradle.internal.dispatch.ReflectionDispatch.dispatch(ReflectionDispatch.java:24)
	at org.gradle.internal.remote.internal.hub.MessageHubBackedObjectConnection$DispatchWrapper.dispatch(MessageHubBackedObjectConnection.java:146)
	at org.gradle.internal.remote.internal.hub.MessageHubBackedObjectConnection$DispatchWrapper.dispatch(MessageHubBackedObjectConnection.java:128)
	at org.gradle.internal.remote.internal.hub.MessageHub$Handler.run(MessageHub.java:404)
	at org.gradle.internal.concurrent.ExecutorPolicy$CatchAndRecordFailures.onExecute(ExecutorPolicy.java:63)
	at org.gradle.internal.concurrent.ManagedExecutorImpl$1.run(ManagedExecutorImpl.java:46)
	at java.util.concurrent.ThreadPoolExecutor.runWorker(ThreadPoolExecutor.java:1149)
	at java.util.concurrent.ThreadPoolExecutor$Worker.run(ThreadPoolExecutor.java:624)
	at org.gradle.internal.concurrent.ThreadFactoryImpl$ManagedThreadRunnable.run(ThreadFactoryImpl.java:55)
	at java.lang.Thread.run(Thread.java:748)
</pre>
      </div>
    </div>
  </div>

          
          

        </div>
          </div>
  </div>

  </div>
</div>

                  
<div class="element">
      <div class="indention">
      <a href="report-feature_AgentBehavior-feature.html">View Feature</a> <i>Agent behaviour</i>
    </div>
  
  
<div class="tags indention">
       <a href="report-tag_indoc.html">@indoc</a>
  </div>


<<<<<<< Updated upstream
    <span data-toggle="collapse" class=" collapsable-control" data-target="#element-25">
=======
    <span data-toggle="collapse" class=" collapsed  collapsable-control" data-target="#element-17">
>>>>>>> Stashed changes
    
<div class="brief passed">
  <span class="keyword indention">Scenario Outline</span>
  <span class="name">an agent can access all posted offers and demands by traversing its social network</span>
  

       <i class="chevron fa fa-fw"></i>
  </div>

  </span>
  <div class="description indention">In a distributed system where there is no global observer which has the registry of all agents and their items of offer and demand. In this case, the only way for an agent to access items of other agents is to traverse its social network (to a given depth) and ask all friends of friends to send information about their items. Since the OfferNet is fully connected (and hopefully is a small world network) the whole network can be scanned this way, depending on availability of time and resource constrains of an agent which initiates the search. The expected number of items that an agent has to find in its social network is calculated as follows: $(numberOfAgents -1) * pairsPerAgent * 2$ (as every pair holds two items: one demand and one offer..).</div>

<<<<<<< Updated upstream
  <div id="element-25" class="collapse collapsable-details  in ">
    
  <div class="inner-level hooks-before">
        <div data-toggle="collapse" class=" collapsable-control" data-target="#before-26">
=======
  <div id="element-17" class="collapse collapsable-details ">
    
  <div class="inner-level hooks-before">
        <div data-toggle="collapse" class=" collapsed  collapsable-control" data-target="#before-18">
>>>>>>> Stashed changes
      
<div class="brief passed">
  <span class="keyword indention">Hooks</span>
  <span class="name"></span>
  

       <i class="chevron fa fa-fw"></i>
  </div>

    </div>

<<<<<<< Updated upstream
    <div id="before-26" class="inner-level collapse collapsable-details  in ">
=======
    <div id="before-18" class="inner-level collapse collapsable-details ">
              <div class="hook">
          <div class="brief passed">
            <span class="keyword indention">Before</span>
                          <span class="location name">SimulationBehaviorStepDefs.before(Scenario)</span>
                        
  <span class="lead-duration duration">000ms</span>

          </div>

                      

          
          

        </div>
>>>>>>> Stashed changes
              <div class="hook">
          <div class="brief passed">
            <span class="keyword indention">Before</span>
                          <span class="location name">AgentBehaviorStepDefs.before(Scenario)</span>
                        
<<<<<<< Updated upstream
  <span class="lead-duration duration">5s 579ms</span>
=======
  <span class="lead-duration duration">313ms</span>
>>>>>>> Stashed changes

          </div>

                      

<<<<<<< Updated upstream
  <div class="inner-level">
    <div class="message indention">
      <div data-toggle="collapse" class="collapsable-control" data-target="#msg-27">
          <a>Error message</a>
      </div>
      <div id="msg-27" class="collapse collapsable-details">
        <pre>java.util.concurrent.TimeoutException: Futures timed out after [5000 milliseconds]
	at scala.concurrent.impl.Promise$DefaultPromise.ready(Promise.scala:255)
	at scala.concurrent.impl.Promise$DefaultPromise.result(Promise.scala:259)
	at scala.concurrent.Await$.$anonfun$result$1(package.scala:215)
	at scala.concurrent.BlockContext$DefaultBlockContext$.blockOn(BlockContext.scala:53)
	at scala.concurrent.Await$.result(package.scala:142)
	at akka.testkit.TestActorRef.underlyingActor(TestActorRef.scala:93)
	at io.singularitynet.offernet.AgentBehaviorStepDefs.before(AgentBehaviorStepDefs.java:48)
	at sun.reflect.NativeMethodAccessorImpl.invoke0(Native Method)
	at sun.reflect.NativeMethodAccessorImpl.invoke(NativeMethodAccessorImpl.java:62)
	at sun.reflect.DelegatingMethodAccessorImpl.invoke(DelegatingMethodAccessorImpl.java:43)
	at java.lang.reflect.Method.invoke(Method.java:498)
	at cucumber.runtime.Utils$1.call(Utils.java:40)
	at cucumber.runtime.Timeout.timeout(Timeout.java:16)
	at cucumber.runtime.Utils.invoke(Utils.java:34)
	at cucumber.runtime.java.JavaHookDefinition.execute(JavaHookDefinition.java:60)
	at cucumber.runtime.Runtime.runHookIfTagsMatch(Runtime.java:224)
	at cucumber.runtime.Runtime.runHooks(Runtime.java:212)
	at cucumber.runtime.Runtime.runBeforeHooks(Runtime.java:202)
	at cucumber.runtime.model.CucumberScenario.run(CucumberScenario.java:40)
	at cucumber.runtime.junit.ExecutionUnitRunner.run(ExecutionUnitRunner.java:102)
	at org.junit.runners.Suite.runChild(Suite.java:128)
	at org.junit.runners.Suite.runChild(Suite.java:27)
	at org.junit.runners.ParentRunner$3.run(ParentRunner.java:290)
	at org.junit.runners.ParentRunner$1.schedule(ParentRunner.java:71)
	at org.junit.runners.ParentRunner.runChildren(ParentRunner.java:288)
	at org.junit.runners.ParentRunner.access$000(ParentRunner.java:58)
	at org.junit.runners.ParentRunner$2.evaluate(ParentRunner.java:268)
	at org.junit.runners.ParentRunner.run(ParentRunner.java:363)
	at cucumber.runtime.junit.ExamplesRunner.run(ExamplesRunner.java:59)
	at org.junit.runners.Suite.runChild(Suite.java:128)
	at org.junit.runners.Suite.runChild(Suite.java:27)
	at org.junit.runners.ParentRunner$3.run(ParentRunner.java:290)
	at org.junit.runners.ParentRunner$1.schedule(ParentRunner.java:71)
	at org.junit.runners.ParentRunner.runChildren(ParentRunner.java:288)
	at org.junit.runners.ParentRunner.access$000(ParentRunner.java:58)
	at org.junit.runners.ParentRunner$2.evaluate(ParentRunner.java:268)
	at org.junit.runners.ParentRunner.run(ParentRunner.java:363)
	at cucumber.runtime.junit.ScenarioOutlineRunner.run(ScenarioOutlineRunner.java:53)
	at cucumber.runtime.junit.FeatureRunner.runChild(FeatureRunner.java:63)
	at cucumber.runtime.junit.FeatureRunner.runChild(FeatureRunner.java:18)
	at org.junit.runners.ParentRunner$3.run(ParentRunner.java:290)
	at org.junit.runners.ParentRunner$1.schedule(ParentRunner.java:71)
	at org.junit.runners.ParentRunner.runChildren(ParentRunner.java:288)
	at org.junit.runners.ParentRunner.access$000(ParentRunner.java:58)
	at org.junit.runners.ParentRunner$2.evaluate(ParentRunner.java:268)
	at org.junit.runners.ParentRunner.run(ParentRunner.java:363)
	at cucumber.runtime.junit.FeatureRunner.run(FeatureRunner.java:70)
	at cucumber.api.junit.Cucumber.runChild(Cucumber.java:95)
	at cucumber.api.junit.Cucumber.runChild(Cucumber.java:38)
	at org.junit.runners.ParentRunner$3.run(ParentRunner.java:290)
	at org.junit.runners.ParentRunner$1.schedule(ParentRunner.java:71)
	at org.junit.runners.ParentRunner.runChildren(ParentRunner.java:288)
	at org.junit.runners.ParentRunner.access$000(ParentRunner.java:58)
	at org.junit.runners.ParentRunner$2.evaluate(ParentRunner.java:268)
	at org.junit.internal.runners.statements.RunAfters.evaluate(RunAfters.java:27)
	at org.junit.runners.ParentRunner.run(ParentRunner.java:363)
	at cucumber.api.junit.Cucumber.run(Cucumber.java:100)
	at org.gradle.api.internal.tasks.testing.junit.JUnitTestClassExecutor.runTestClass(JUnitTestClassExecutor.java:116)
	at org.gradle.api.internal.tasks.testing.junit.JUnitTestClassExecutor.execute(JUnitTestClassExecutor.java:59)
	at org.gradle.api.internal.tasks.testing.junit.JUnitTestClassExecutor.execute(JUnitTestClassExecutor.java:39)
	at org.gradle.api.internal.tasks.testing.junit.AbstractJUnitTestClassProcessor.processTestClass(AbstractJUnitTestClassProcessor.java:66)
	at org.gradle.api.internal.tasks.testing.SuiteTestClassProcessor.processTestClass(SuiteTestClassProcessor.java:51)
	at sun.reflect.NativeMethodAccessorImpl.invoke0(Native Method)
	at sun.reflect.NativeMethodAccessorImpl.invoke(NativeMethodAccessorImpl.java:62)
	at sun.reflect.DelegatingMethodAccessorImpl.invoke(DelegatingMethodAccessorImpl.java:43)
	at java.lang.reflect.Method.invoke(Method.java:498)
	at org.gradle.internal.dispatch.ReflectionDispatch.dispatch(ReflectionDispatch.java:35)
	at org.gradle.internal.dispatch.ReflectionDispatch.dispatch(ReflectionDispatch.java:24)
	at org.gradle.internal.dispatch.ContextClassLoaderDispatch.dispatch(ContextClassLoaderDispatch.java:32)
	at org.gradle.internal.dispatch.ProxyDispatchAdapter$DispatchingInvocationHandler.invoke(ProxyDispatchAdapter.java:93)
	at com.sun.proxy.$Proxy4.processTestClass(Unknown Source)
	at org.gradle.api.internal.tasks.testing.worker.TestWorker.processTestClass(TestWorker.java:109)
	at sun.reflect.NativeMethodAccessorImpl.invoke0(Native Method)
	at sun.reflect.NativeMethodAccessorImpl.invoke(NativeMethodAccessorImpl.java:62)
	at sun.reflect.DelegatingMethodAccessorImpl.invoke(DelegatingMethodAccessorImpl.java:43)
	at java.lang.reflect.Method.invoke(Method.java:498)
	at org.gradle.internal.dispatch.ReflectionDispatch.dispatch(ReflectionDispatch.java:35)
	at org.gradle.internal.dispatch.ReflectionDispatch.dispatch(ReflectionDispatch.java:24)
	at org.gradle.internal.remote.internal.hub.MessageHubBackedObjectConnection$DispatchWrapper.dispatch(MessageHubBackedObjectConnection.java:146)
	at org.gradle.internal.remote.internal.hub.MessageHubBackedObjectConnection$DispatchWrapper.dispatch(MessageHubBackedObjectConnection.java:128)
	at org.gradle.internal.remote.internal.hub.MessageHub$Handler.run(MessageHub.java:404)
	at org.gradle.internal.concurrent.ExecutorPolicy$CatchAndRecordFailures.onExecute(ExecutorPolicy.java:63)
	at org.gradle.internal.concurrent.ManagedExecutorImpl$1.run(ManagedExecutorImpl.java:46)
	at java.util.concurrent.ThreadPoolExecutor.runWorker(ThreadPoolExecutor.java:1149)
	at java.util.concurrent.ThreadPoolExecutor$Worker.run(ThreadPoolExecutor.java:624)
	at org.gradle.internal.concurrent.ThreadFactoryImpl$ManagedThreadRunnable.run(ThreadFactoryImpl.java:55)
	at java.lang.Thread.run(Thread.java:748)
</pre>
      </div>
    </div>
  </div>

=======
>>>>>>> Stashed changes
          
          

        </div>
              <div class="hook">
          <div class="brief passed">
            <span class="keyword indention">Before</span>
                          <span class="location name">SimulationBehaviorStepDefs.before(Scenario)</span>
                        
  <span class="lead-duration duration">000ms</span>

          </div>

                      

          
          

        </div>
          </div>
  </div>


    
<div class="steps inner-level">
<<<<<<< Updated upstream
    <div data-toggle="collapse" class=" collapsable-control" data-target="#steps-28">
=======
    <div data-toggle="collapse" class=" collapsed  collapsable-control" data-target="#steps-19">
>>>>>>> Stashed changes
    
<div class="brief passed">
  <span class="keyword indention">Steps</span>
  <span class="name"></span>
  

       <i class="chevron fa fa-fw"></i>
  </div>

  </div>

<<<<<<< Updated upstream
  <div id="steps-28" class="inner-level collapse collapsable-details  in ">
=======
  <div id="steps-19" class="inner-level collapse collapsable-details ">
>>>>>>> Stashed changes
          <div class="step">
        
<div class="brief passed">
  <span class="keyword indention">Given</span>
  <span class="name">there exists an sequentially connected line of '20' agents</span>
  
  <span class="lead-duration duration">636ms</span>

  </div>

        


        
        

        

        

      </div>
          <div class="step">
        
<div class="brief passed">
  <span class="keyword indention">And</span>
  <span class="name">all agents have posted '2' offer-demand pair each</span>
  
  <span class="lead-duration duration">1s 316ms</span>

  </div>

        


        
        

        

        

      </div>
          <div class="step">
        
<div class="brief passed">
  <span class="keyword indention">When</span>
  <span class="name">first agent initiates search of '19' depth</span>
  
  <span class="lead-duration duration">2s 022ms</span>

  </div>

        


        
        

        

        

      </div>
          <div class="step">
        
<div class="brief passed">
  <span class="keyword indention">Then</span>
  <span class="name">agent finds '76' demands and offers in its social network</span>
  
  <span class="lead-duration duration">000ms</span>

  </div>

        


        
        

        

        

      </div>
      </div>
</div>


    
  <div class="inner-level hooks-after">
<<<<<<< Updated upstream
        <div data-toggle="collapse" class=" collapsable-control" data-target="#after-29">
=======
        <div data-toggle="collapse" class=" collapsed  collapsable-control" data-target="#after-20">
>>>>>>> Stashed changes
      
<div class="brief failed">
  <span class="keyword indention">Hooks</span>
  <span class="name"></span>
  

       <i class="chevron fa fa-fw"></i>
  </div>

    </div>

<<<<<<< Updated upstream
    <div id="after-29" class="inner-level collapse collapsable-details  in ">
=======
    <div id="after-20" class="inner-level collapse collapsable-details ">
>>>>>>> Stashed changes
              <div class="hook">
          <div class="brief failed">
            <span class="keyword indention">After</span>
                          <span class="location name">AgentBehaviorStepDefs.after(Scenario)</span>
                        
  <span class="lead-duration duration">238ms</span>

          </div>

                      

  <div class="inner-level">
    <div class="message indention">
      <div data-toggle="collapse" class="collapsable-control" data-target="#msg-30">
          <a>Error message</a>
      </div>
      <div id="msg-30" class="collapse collapsable-details">
        <pre>java.lang.NullPointerException
	at io.singularitynet.offernet.AgentBehaviorStepDefs.after(AgentBehaviorStepDefs.java:54)
	at sun.reflect.NativeMethodAccessorImpl.invoke0(Native Method)
	at sun.reflect.NativeMethodAccessorImpl.invoke(NativeMethodAccessorImpl.java:62)
	at sun.reflect.DelegatingMethodAccessorImpl.invoke(DelegatingMethodAccessorImpl.java:43)
	at java.lang.reflect.Method.invoke(Method.java:498)
	at cucumber.runtime.Utils$1.call(Utils.java:40)
	at cucumber.runtime.Timeout.timeout(Timeout.java:16)
	at cucumber.runtime.Utils.invoke(Utils.java:34)
	at cucumber.runtime.java.JavaHookDefinition.execute(JavaHookDefinition.java:60)
	at cucumber.runtime.Runtime.runHookIfTagsMatch(Runtime.java:224)
	at cucumber.runtime.Runtime.runHooks(Runtime.java:212)
	at cucumber.runtime.Runtime.runAfterHooks(Runtime.java:206)
	at cucumber.runtime.model.CucumberScenario.run(CucumberScenario.java:46)
	at cucumber.runtime.junit.ExecutionUnitRunner.run(ExecutionUnitRunner.java:102)
	at org.junit.runners.Suite.runChild(Suite.java:128)
	at org.junit.runners.Suite.runChild(Suite.java:27)
	at org.junit.runners.ParentRunner$3.run(ParentRunner.java:290)
	at org.junit.runners.ParentRunner$1.schedule(ParentRunner.java:71)
	at org.junit.runners.ParentRunner.runChildren(ParentRunner.java:288)
	at org.junit.runners.ParentRunner.access$000(ParentRunner.java:58)
	at org.junit.runners.ParentRunner$2.evaluate(ParentRunner.java:268)
	at org.junit.runners.ParentRunner.run(ParentRunner.java:363)
	at cucumber.runtime.junit.ExamplesRunner.run(ExamplesRunner.java:59)
	at org.junit.runners.Suite.runChild(Suite.java:128)
	at org.junit.runners.Suite.runChild(Suite.java:27)
	at org.junit.runners.ParentRunner$3.run(ParentRunner.java:290)
	at org.junit.runners.ParentRunner$1.schedule(ParentRunner.java:71)
	at org.junit.runners.ParentRunner.runChildren(ParentRunner.java:288)
	at org.junit.runners.ParentRunner.access$000(ParentRunner.java:58)
	at org.junit.runners.ParentRunner$2.evaluate(ParentRunner.java:268)
	at org.junit.runners.ParentRunner.run(ParentRunner.java:363)
	at cucumber.runtime.junit.ScenarioOutlineRunner.run(ScenarioOutlineRunner.java:53)
	at cucumber.runtime.junit.FeatureRunner.runChild(FeatureRunner.java:63)
	at cucumber.runtime.junit.FeatureRunner.runChild(FeatureRunner.java:18)
	at org.junit.runners.ParentRunner$3.run(ParentRunner.java:290)
	at org.junit.runners.ParentRunner$1.schedule(ParentRunner.java:71)
	at org.junit.runners.ParentRunner.runChildren(ParentRunner.java:288)
	at org.junit.runners.ParentRunner.access$000(ParentRunner.java:58)
	at org.junit.runners.ParentRunner$2.evaluate(ParentRunner.java:268)
	at org.junit.runners.ParentRunner.run(ParentRunner.java:363)
	at cucumber.runtime.junit.FeatureRunner.run(FeatureRunner.java:70)
	at cucumber.api.junit.Cucumber.runChild(Cucumber.java:95)
	at cucumber.api.junit.Cucumber.runChild(Cucumber.java:38)
	at org.junit.runners.ParentRunner$3.run(ParentRunner.java:290)
	at org.junit.runners.ParentRunner$1.schedule(ParentRunner.java:71)
	at org.junit.runners.ParentRunner.runChildren(ParentRunner.java:288)
	at org.junit.runners.ParentRunner.access$000(ParentRunner.java:58)
	at org.junit.runners.ParentRunner$2.evaluate(ParentRunner.java:268)
	at org.junit.internal.runners.statements.RunAfters.evaluate(RunAfters.java:27)
	at org.junit.runners.ParentRunner.run(ParentRunner.java:363)
	at cucumber.api.junit.Cucumber.run(Cucumber.java:100)
	at org.gradle.api.internal.tasks.testing.junit.JUnitTestClassExecutor.runTestClass(JUnitTestClassExecutor.java:116)
	at org.gradle.api.internal.tasks.testing.junit.JUnitTestClassExecutor.execute(JUnitTestClassExecutor.java:59)
	at org.gradle.api.internal.tasks.testing.junit.JUnitTestClassExecutor.execute(JUnitTestClassExecutor.java:39)
	at org.gradle.api.internal.tasks.testing.junit.AbstractJUnitTestClassProcessor.processTestClass(AbstractJUnitTestClassProcessor.java:66)
	at org.gradle.api.internal.tasks.testing.SuiteTestClassProcessor.processTestClass(SuiteTestClassProcessor.java:51)
	at sun.reflect.NativeMethodAccessorImpl.invoke0(Native Method)
	at sun.reflect.NativeMethodAccessorImpl.invoke(NativeMethodAccessorImpl.java:62)
	at sun.reflect.DelegatingMethodAccessorImpl.invoke(DelegatingMethodAccessorImpl.java:43)
	at java.lang.reflect.Method.invoke(Method.java:498)
	at org.gradle.internal.dispatch.ReflectionDispatch.dispatch(ReflectionDispatch.java:35)
	at org.gradle.internal.dispatch.ReflectionDispatch.dispatch(ReflectionDispatch.java:24)
	at org.gradle.internal.dispatch.ContextClassLoaderDispatch.dispatch(ContextClassLoaderDispatch.java:32)
	at org.gradle.internal.dispatch.ProxyDispatchAdapter$DispatchingInvocationHandler.invoke(ProxyDispatchAdapter.java:93)
	at com.sun.proxy.$Proxy4.processTestClass(Unknown Source)
	at org.gradle.api.internal.tasks.testing.worker.TestWorker.processTestClass(TestWorker.java:109)
	at sun.reflect.NativeMethodAccessorImpl.invoke0(Native Method)
	at sun.reflect.NativeMethodAccessorImpl.invoke(NativeMethodAccessorImpl.java:62)
	at sun.reflect.DelegatingMethodAccessorImpl.invoke(DelegatingMethodAccessorImpl.java:43)
	at java.lang.reflect.Method.invoke(Method.java:498)
	at org.gradle.internal.dispatch.ReflectionDispatch.dispatch(ReflectionDispatch.java:35)
	at org.gradle.internal.dispatch.ReflectionDispatch.dispatch(ReflectionDispatch.java:24)
	at org.gradle.internal.remote.internal.hub.MessageHubBackedObjectConnection$DispatchWrapper.dispatch(MessageHubBackedObjectConnection.java:146)
	at org.gradle.internal.remote.internal.hub.MessageHubBackedObjectConnection$DispatchWrapper.dispatch(MessageHubBackedObjectConnection.java:128)
	at org.gradle.internal.remote.internal.hub.MessageHub$Handler.run(MessageHub.java:404)
	at org.gradle.internal.concurrent.ExecutorPolicy$CatchAndRecordFailures.onExecute(ExecutorPolicy.java:63)
	at org.gradle.internal.concurrent.ManagedExecutorImpl$1.run(ManagedExecutorImpl.java:46)
	at java.util.concurrent.ThreadPoolExecutor.runWorker(ThreadPoolExecutor.java:1149)
	at java.util.concurrent.ThreadPoolExecutor$Worker.run(ThreadPoolExecutor.java:624)
	at org.gradle.internal.concurrent.ThreadFactoryImpl$ManagedThreadRunnable.run(ThreadFactoryImpl.java:55)
	at java.lang.Thread.run(Thread.java:748)
</pre>
      </div>
    </div>
  </div>

          
          

        </div>
          </div>
  </div>

  </div>
</div>

                  
<div class="element">
      <div class="indention">
      <a href="report-feature_AgentBehavior-feature.html">View Feature</a> <i>Agent behaviour</i>
    </div>
  
  
<div class="tags indention">
       <a href="report-tag_indoc.html">@indoc</a>
  </div>


<<<<<<< Updated upstream
    <span data-toggle="collapse" class=" collapsable-control" data-target="#element-31">
=======
    <span data-toggle="collapse" class=" collapsed  collapsable-control" data-target="#element-21">
>>>>>>> Stashed changes
    
<div class="brief passed">
  <span class="keyword indention">Scenario Outline</span>
  <span class="name">an agent can connect similar offers and demands of its social network</span>
  

       <i class="chevron fa fa-fw"></i>
  </div>

  </span>
  <div class="description indention">After an agent finds offer and demand items posted by its social network which are similar to its own items, it can connect those items with weighted $similarity$ relations (edges in the graph). Weight of the relation represents the 'strength' of similarity. Definition and computing algorithm of a $similarity$ relation can be chosen by choosing configuration parameters of the OfferNet system during initialization -- allowing to experiment with different approaches. This mechanism addresses these [Open problems / features to consider] of the framework: [Representation / theory of value], [Description of items of exchange], [Similarity measure];</div>

<<<<<<< Updated upstream
  <div id="element-31" class="collapse collapsable-details  in ">
    
  <div class="inner-level hooks-before">
        <div data-toggle="collapse" class=" collapsable-control" data-target="#before-32">
=======
  <div id="element-21" class="collapse collapsable-details ">
    
  <div class="inner-level hooks-before">
        <div data-toggle="collapse" class=" collapsed  collapsable-control" data-target="#before-22">
>>>>>>> Stashed changes
      
<div class="brief passed">
  <span class="keyword indention">Hooks</span>
  <span class="name"></span>
  

       <i class="chevron fa fa-fw"></i>
  </div>

    </div>

<<<<<<< Updated upstream
    <div id="before-32" class="inner-level collapse collapsable-details  in ">
=======
    <div id="before-22" class="inner-level collapse collapsable-details ">
              <div class="hook">
          <div class="brief passed">
            <span class="keyword indention">Before</span>
                          <span class="location name">SimulationBehaviorStepDefs.before(Scenario)</span>
                        
  <span class="lead-duration duration">000ms</span>

          </div>

                      

          
          

        </div>
>>>>>>> Stashed changes
              <div class="hook">
          <div class="brief passed">
            <span class="keyword indention">Before</span>
                          <span class="location name">AgentBehaviorStepDefs.before(Scenario)</span>
                        
<<<<<<< Updated upstream
  <span class="lead-duration duration">5s 622ms</span>
=======
  <span class="lead-duration duration">336ms</span>
>>>>>>> Stashed changes

          </div>

                      

<<<<<<< Updated upstream
  <div class="inner-level">
    <div class="message indention">
      <div data-toggle="collapse" class="collapsable-control" data-target="#msg-33">
          <a>Error message</a>
      </div>
      <div id="msg-33" class="collapse collapsable-details">
        <pre>java.util.concurrent.TimeoutException: Futures timed out after [5000 milliseconds]
	at scala.concurrent.impl.Promise$DefaultPromise.ready(Promise.scala:255)
	at scala.concurrent.impl.Promise$DefaultPromise.result(Promise.scala:259)
	at scala.concurrent.Await$.$anonfun$result$1(package.scala:215)
	at scala.concurrent.BlockContext$DefaultBlockContext$.blockOn(BlockContext.scala:53)
	at scala.concurrent.Await$.result(package.scala:142)
	at akka.testkit.TestActorRef.underlyingActor(TestActorRef.scala:93)
	at io.singularitynet.offernet.AgentBehaviorStepDefs.before(AgentBehaviorStepDefs.java:48)
	at sun.reflect.NativeMethodAccessorImpl.invoke0(Native Method)
	at sun.reflect.NativeMethodAccessorImpl.invoke(NativeMethodAccessorImpl.java:62)
	at sun.reflect.DelegatingMethodAccessorImpl.invoke(DelegatingMethodAccessorImpl.java:43)
	at java.lang.reflect.Method.invoke(Method.java:498)
	at cucumber.runtime.Utils$1.call(Utils.java:40)
	at cucumber.runtime.Timeout.timeout(Timeout.java:16)
	at cucumber.runtime.Utils.invoke(Utils.java:34)
	at cucumber.runtime.java.JavaHookDefinition.execute(JavaHookDefinition.java:60)
	at cucumber.runtime.Runtime.runHookIfTagsMatch(Runtime.java:224)
	at cucumber.runtime.Runtime.runHooks(Runtime.java:212)
	at cucumber.runtime.Runtime.runBeforeHooks(Runtime.java:202)
	at cucumber.runtime.model.CucumberScenario.run(CucumberScenario.java:40)
	at cucumber.runtime.junit.ExecutionUnitRunner.run(ExecutionUnitRunner.java:102)
	at org.junit.runners.Suite.runChild(Suite.java:128)
	at org.junit.runners.Suite.runChild(Suite.java:27)
	at org.junit.runners.ParentRunner$3.run(ParentRunner.java:290)
	at org.junit.runners.ParentRunner$1.schedule(ParentRunner.java:71)
	at org.junit.runners.ParentRunner.runChildren(ParentRunner.java:288)
	at org.junit.runners.ParentRunner.access$000(ParentRunner.java:58)
	at org.junit.runners.ParentRunner$2.evaluate(ParentRunner.java:268)
	at org.junit.runners.ParentRunner.run(ParentRunner.java:363)
	at cucumber.runtime.junit.ExamplesRunner.run(ExamplesRunner.java:59)
	at org.junit.runners.Suite.runChild(Suite.java:128)
	at org.junit.runners.Suite.runChild(Suite.java:27)
	at org.junit.runners.ParentRunner$3.run(ParentRunner.java:290)
	at org.junit.runners.ParentRunner$1.schedule(ParentRunner.java:71)
	at org.junit.runners.ParentRunner.runChildren(ParentRunner.java:288)
	at org.junit.runners.ParentRunner.access$000(ParentRunner.java:58)
	at org.junit.runners.ParentRunner$2.evaluate(ParentRunner.java:268)
	at org.junit.runners.ParentRunner.run(ParentRunner.java:363)
	at cucumber.runtime.junit.ScenarioOutlineRunner.run(ScenarioOutlineRunner.java:53)
	at cucumber.runtime.junit.FeatureRunner.runChild(FeatureRunner.java:63)
	at cucumber.runtime.junit.FeatureRunner.runChild(FeatureRunner.java:18)
	at org.junit.runners.ParentRunner$3.run(ParentRunner.java:290)
	at org.junit.runners.ParentRunner$1.schedule(ParentRunner.java:71)
	at org.junit.runners.ParentRunner.runChildren(ParentRunner.java:288)
	at org.junit.runners.ParentRunner.access$000(ParentRunner.java:58)
	at org.junit.runners.ParentRunner$2.evaluate(ParentRunner.java:268)
	at org.junit.runners.ParentRunner.run(ParentRunner.java:363)
	at cucumber.runtime.junit.FeatureRunner.run(FeatureRunner.java:70)
	at cucumber.api.junit.Cucumber.runChild(Cucumber.java:95)
	at cucumber.api.junit.Cucumber.runChild(Cucumber.java:38)
	at org.junit.runners.ParentRunner$3.run(ParentRunner.java:290)
	at org.junit.runners.ParentRunner$1.schedule(ParentRunner.java:71)
	at org.junit.runners.ParentRunner.runChildren(ParentRunner.java:288)
	at org.junit.runners.ParentRunner.access$000(ParentRunner.java:58)
	at org.junit.runners.ParentRunner$2.evaluate(ParentRunner.java:268)
	at org.junit.internal.runners.statements.RunAfters.evaluate(RunAfters.java:27)
	at org.junit.runners.ParentRunner.run(ParentRunner.java:363)
	at cucumber.api.junit.Cucumber.run(Cucumber.java:100)
	at org.gradle.api.internal.tasks.testing.junit.JUnitTestClassExecutor.runTestClass(JUnitTestClassExecutor.java:116)
	at org.gradle.api.internal.tasks.testing.junit.JUnitTestClassExecutor.execute(JUnitTestClassExecutor.java:59)
	at org.gradle.api.internal.tasks.testing.junit.JUnitTestClassExecutor.execute(JUnitTestClassExecutor.java:39)
	at org.gradle.api.internal.tasks.testing.junit.AbstractJUnitTestClassProcessor.processTestClass(AbstractJUnitTestClassProcessor.java:66)
	at org.gradle.api.internal.tasks.testing.SuiteTestClassProcessor.processTestClass(SuiteTestClassProcessor.java:51)
	at sun.reflect.NativeMethodAccessorImpl.invoke0(Native Method)
	at sun.reflect.NativeMethodAccessorImpl.invoke(NativeMethodAccessorImpl.java:62)
	at sun.reflect.DelegatingMethodAccessorImpl.invoke(DelegatingMethodAccessorImpl.java:43)
	at java.lang.reflect.Method.invoke(Method.java:498)
	at org.gradle.internal.dispatch.ReflectionDispatch.dispatch(ReflectionDispatch.java:35)
	at org.gradle.internal.dispatch.ReflectionDispatch.dispatch(ReflectionDispatch.java:24)
	at org.gradle.internal.dispatch.ContextClassLoaderDispatch.dispatch(ContextClassLoaderDispatch.java:32)
	at org.gradle.internal.dispatch.ProxyDispatchAdapter$DispatchingInvocationHandler.invoke(ProxyDispatchAdapter.java:93)
	at com.sun.proxy.$Proxy4.processTestClass(Unknown Source)
	at org.gradle.api.internal.tasks.testing.worker.TestWorker.processTestClass(TestWorker.java:109)
	at sun.reflect.NativeMethodAccessorImpl.invoke0(Native Method)
	at sun.reflect.NativeMethodAccessorImpl.invoke(NativeMethodAccessorImpl.java:62)
	at sun.reflect.DelegatingMethodAccessorImpl.invoke(DelegatingMethodAccessorImpl.java:43)
	at java.lang.reflect.Method.invoke(Method.java:498)
	at org.gradle.internal.dispatch.ReflectionDispatch.dispatch(ReflectionDispatch.java:35)
	at org.gradle.internal.dispatch.ReflectionDispatch.dispatch(ReflectionDispatch.java:24)
	at org.gradle.internal.remote.internal.hub.MessageHubBackedObjectConnection$DispatchWrapper.dispatch(MessageHubBackedObjectConnection.java:146)
	at org.gradle.internal.remote.internal.hub.MessageHubBackedObjectConnection$DispatchWrapper.dispatch(MessageHubBackedObjectConnection.java:128)
	at org.gradle.internal.remote.internal.hub.MessageHub$Handler.run(MessageHub.java:404)
	at org.gradle.internal.concurrent.ExecutorPolicy$CatchAndRecordFailures.onExecute(ExecutorPolicy.java:63)
	at org.gradle.internal.concurrent.ManagedExecutorImpl$1.run(ManagedExecutorImpl.java:46)
	at java.util.concurrent.ThreadPoolExecutor.runWorker(ThreadPoolExecutor.java:1149)
	at java.util.concurrent.ThreadPoolExecutor$Worker.run(ThreadPoolExecutor.java:624)
	at org.gradle.internal.concurrent.ThreadFactoryImpl$ManagedThreadRunnable.run(ThreadFactoryImpl.java:55)
	at java.lang.Thread.run(Thread.java:748)
</pre>
      </div>
    </div>
  </div>

=======
>>>>>>> Stashed changes
          
          

        </div>
              <div class="hook">
          <div class="brief passed">
            <span class="keyword indention">Before</span>
                          <span class="location name">SimulationBehaviorStepDefs.before(Scenario)</span>
                        
  <span class="lead-duration duration">000ms</span>

          </div>

                      

          
          

        </div>
          </div>
  </div>


    
<div class="steps inner-level">
<<<<<<< Updated upstream
    <div data-toggle="collapse" class=" collapsable-control" data-target="#steps-34">
=======
    <div data-toggle="collapse" class=" collapsed  collapsable-control" data-target="#steps-23">
>>>>>>> Stashed changes
    
<div class="brief passed">
  <span class="keyword indention">Steps</span>
  <span class="name"></span>
  

       <i class="chevron fa fa-fw"></i>
  </div>

  </div>

<<<<<<< Updated upstream
  <div id="steps-34" class="inner-level collapse collapsable-details  in ">
=======
  <div id="steps-23" class="inner-level collapse collapsable-details ">
>>>>>>> Stashed changes
          <div class="step">
        
<div class="brief passed">
  <span class="keyword indention">Given</span>
  <span class="name">a connected network of '4' agents</span>
  
  <span class="lead-duration duration">120ms</span>

  </div>

        


        
        

        

        

      </div>
          <div class="step">
        
<div class="brief passed">
  <span class="keyword indention">Given</span>
  <span class="name">that '3' similar item pairs exist in the network</span>
  
  <span class="lead-duration duration">035ms</span>

  </div>

        


        
        

        

        

      </div>
          <div class="step">
        
<div class="brief passed">
  <span class="keyword indention">When</span>
  <span class="name">any agent finds similar items by executing search of '3' depth</span>
  
  <span class="lead-duration duration">041ms</span>

  </div>

        


        
        

        

        

      </div>
          <div class="step">
        
<div class="brief passed">
  <span class="keyword indention">Then</span>
  <span class="name">there are '3' similarity relations in the network</span>
  
  <span class="lead-duration duration">008ms</span>

  </div>

        


        
        

        

        

      </div>
      </div>
</div>


    
  <div class="inner-level hooks-after">
<<<<<<< Updated upstream
        <div data-toggle="collapse" class=" collapsable-control" data-target="#after-35">
=======
        <div data-toggle="collapse" class=" collapsed  collapsable-control" data-target="#after-24">
>>>>>>> Stashed changes
      
<div class="brief failed">
  <span class="keyword indention">Hooks</span>
  <span class="name"></span>
  

       <i class="chevron fa fa-fw"></i>
  </div>

    </div>

<<<<<<< Updated upstream
    <div id="after-35" class="inner-level collapse collapsable-details  in ">
=======
    <div id="after-24" class="inner-level collapse collapsable-details ">
>>>>>>> Stashed changes
              <div class="hook">
          <div class="brief failed">
            <span class="keyword indention">After</span>
                          <span class="location name">AgentBehaviorStepDefs.after(Scenario)</span>
                        
<<<<<<< Updated upstream
  <span class="lead-duration duration">001ms</span>
=======
  <span class="lead-duration duration">019ms</span>
>>>>>>> Stashed changes

          </div>

                      

  <div class="inner-level">
    <div class="message indention">
      <div data-toggle="collapse" class="collapsable-control" data-target="#msg-36">
          <a>Error message</a>
      </div>
      <div id="msg-36" class="collapse collapsable-details">
        <pre>java.lang.NullPointerException
	at io.singularitynet.offernet.AgentBehaviorStepDefs.after(AgentBehaviorStepDefs.java:54)
	at sun.reflect.NativeMethodAccessorImpl.invoke0(Native Method)
	at sun.reflect.NativeMethodAccessorImpl.invoke(NativeMethodAccessorImpl.java:62)
	at sun.reflect.DelegatingMethodAccessorImpl.invoke(DelegatingMethodAccessorImpl.java:43)
	at java.lang.reflect.Method.invoke(Method.java:498)
	at cucumber.runtime.Utils$1.call(Utils.java:40)
	at cucumber.runtime.Timeout.timeout(Timeout.java:16)
	at cucumber.runtime.Utils.invoke(Utils.java:34)
	at cucumber.runtime.java.JavaHookDefinition.execute(JavaHookDefinition.java:60)
	at cucumber.runtime.Runtime.runHookIfTagsMatch(Runtime.java:224)
	at cucumber.runtime.Runtime.runHooks(Runtime.java:212)
	at cucumber.runtime.Runtime.runAfterHooks(Runtime.java:206)
	at cucumber.runtime.model.CucumberScenario.run(CucumberScenario.java:46)
	at cucumber.runtime.junit.ExecutionUnitRunner.run(ExecutionUnitRunner.java:102)
	at org.junit.runners.Suite.runChild(Suite.java:128)
	at org.junit.runners.Suite.runChild(Suite.java:27)
	at org.junit.runners.ParentRunner$3.run(ParentRunner.java:290)
	at org.junit.runners.ParentRunner$1.schedule(ParentRunner.java:71)
	at org.junit.runners.ParentRunner.runChildren(ParentRunner.java:288)
	at org.junit.runners.ParentRunner.access$000(ParentRunner.java:58)
	at org.junit.runners.ParentRunner$2.evaluate(ParentRunner.java:268)
	at org.junit.runners.ParentRunner.run(ParentRunner.java:363)
	at cucumber.runtime.junit.ExamplesRunner.run(ExamplesRunner.java:59)
	at org.junit.runners.Suite.runChild(Suite.java:128)
	at org.junit.runners.Suite.runChild(Suite.java:27)
	at org.junit.runners.ParentRunner$3.run(ParentRunner.java:290)
	at org.junit.runners.ParentRunner$1.schedule(ParentRunner.java:71)
	at org.junit.runners.ParentRunner.runChildren(ParentRunner.java:288)
	at org.junit.runners.ParentRunner.access$000(ParentRunner.java:58)
	at org.junit.runners.ParentRunner$2.evaluate(ParentRunner.java:268)
	at org.junit.runners.ParentRunner.run(ParentRunner.java:363)
	at cucumber.runtime.junit.ScenarioOutlineRunner.run(ScenarioOutlineRunner.java:53)
	at cucumber.runtime.junit.FeatureRunner.runChild(FeatureRunner.java:63)
	at cucumber.runtime.junit.FeatureRunner.runChild(FeatureRunner.java:18)
	at org.junit.runners.ParentRunner$3.run(ParentRunner.java:290)
	at org.junit.runners.ParentRunner$1.schedule(ParentRunner.java:71)
	at org.junit.runners.ParentRunner.runChildren(ParentRunner.java:288)
	at org.junit.runners.ParentRunner.access$000(ParentRunner.java:58)
	at org.junit.runners.ParentRunner$2.evaluate(ParentRunner.java:268)
	at org.junit.runners.ParentRunner.run(ParentRunner.java:363)
	at cucumber.runtime.junit.FeatureRunner.run(FeatureRunner.java:70)
	at cucumber.api.junit.Cucumber.runChild(Cucumber.java:95)
	at cucumber.api.junit.Cucumber.runChild(Cucumber.java:38)
	at org.junit.runners.ParentRunner$3.run(ParentRunner.java:290)
	at org.junit.runners.ParentRunner$1.schedule(ParentRunner.java:71)
	at org.junit.runners.ParentRunner.runChildren(ParentRunner.java:288)
	at org.junit.runners.ParentRunner.access$000(ParentRunner.java:58)
	at org.junit.runners.ParentRunner$2.evaluate(ParentRunner.java:268)
	at org.junit.internal.runners.statements.RunAfters.evaluate(RunAfters.java:27)
	at org.junit.runners.ParentRunner.run(ParentRunner.java:363)
	at cucumber.api.junit.Cucumber.run(Cucumber.java:100)
	at org.gradle.api.internal.tasks.testing.junit.JUnitTestClassExecutor.runTestClass(JUnitTestClassExecutor.java:116)
	at org.gradle.api.internal.tasks.testing.junit.JUnitTestClassExecutor.execute(JUnitTestClassExecutor.java:59)
	at org.gradle.api.internal.tasks.testing.junit.JUnitTestClassExecutor.execute(JUnitTestClassExecutor.java:39)
	at org.gradle.api.internal.tasks.testing.junit.AbstractJUnitTestClassProcessor.processTestClass(AbstractJUnitTestClassProcessor.java:66)
	at org.gradle.api.internal.tasks.testing.SuiteTestClassProcessor.processTestClass(SuiteTestClassProcessor.java:51)
	at sun.reflect.NativeMethodAccessorImpl.invoke0(Native Method)
	at sun.reflect.NativeMethodAccessorImpl.invoke(NativeMethodAccessorImpl.java:62)
	at sun.reflect.DelegatingMethodAccessorImpl.invoke(DelegatingMethodAccessorImpl.java:43)
	at java.lang.reflect.Method.invoke(Method.java:498)
	at org.gradle.internal.dispatch.ReflectionDispatch.dispatch(ReflectionDispatch.java:35)
	at org.gradle.internal.dispatch.ReflectionDispatch.dispatch(ReflectionDispatch.java:24)
	at org.gradle.internal.dispatch.ContextClassLoaderDispatch.dispatch(ContextClassLoaderDispatch.java:32)
	at org.gradle.internal.dispatch.ProxyDispatchAdapter$DispatchingInvocationHandler.invoke(ProxyDispatchAdapter.java:93)
	at com.sun.proxy.$Proxy4.processTestClass(Unknown Source)
	at org.gradle.api.internal.tasks.testing.worker.TestWorker.processTestClass(TestWorker.java:109)
	at sun.reflect.NativeMethodAccessorImpl.invoke0(Native Method)
	at sun.reflect.NativeMethodAccessorImpl.invoke(NativeMethodAccessorImpl.java:62)
	at sun.reflect.DelegatingMethodAccessorImpl.invoke(DelegatingMethodAccessorImpl.java:43)
	at java.lang.reflect.Method.invoke(Method.java:498)
	at org.gradle.internal.dispatch.ReflectionDispatch.dispatch(ReflectionDispatch.java:35)
	at org.gradle.internal.dispatch.ReflectionDispatch.dispatch(ReflectionDispatch.java:24)
	at org.gradle.internal.remote.internal.hub.MessageHubBackedObjectConnection$DispatchWrapper.dispatch(MessageHubBackedObjectConnection.java:146)
	at org.gradle.internal.remote.internal.hub.MessageHubBackedObjectConnection$DispatchWrapper.dispatch(MessageHubBackedObjectConnection.java:128)
	at org.gradle.internal.remote.internal.hub.MessageHub$Handler.run(MessageHub.java:404)
	at org.gradle.internal.concurrent.ExecutorPolicy$CatchAndRecordFailures.onExecute(ExecutorPolicy.java:63)
	at org.gradle.internal.concurrent.ManagedExecutorImpl$1.run(ManagedExecutorImpl.java:46)
	at java.util.concurrent.ThreadPoolExecutor.runWorker(ThreadPoolExecutor.java:1149)
	at java.util.concurrent.ThreadPoolExecutor$Worker.run(ThreadPoolExecutor.java:624)
	at org.gradle.internal.concurrent.ThreadFactoryImpl$ManagedThreadRunnable.run(ThreadFactoryImpl.java:55)
	at java.lang.Thread.run(Thread.java:748)
</pre>
      </div>
    </div>
  </div>

          
          

        </div>
          </div>
  </div>

  </div>
</div>

                  
<div class="element">
      <div class="indention">
      <a href="report-feature_AgentBehavior-feature.html">View Feature</a> <i>Agent behaviour</i>
    </div>
  
  
<div class="tags indention">
       <a href="report-tag_indoc.html">@indoc</a>
  </div>


<<<<<<< Updated upstream
    <span data-toggle="collapse" class=" collapsable-control" data-target="#element-37">
=======
    <span data-toggle="collapse" class=" collapsed  collapsable-control" data-target="#element-25">
>>>>>>> Stashed changes
    
<div class="brief passed">
  <span class="keyword indention">Scenario Outline</span>
  <span class="name">an agent can connect similar offers and demands of its social network</span>
  

       <i class="chevron fa fa-fw"></i>
  </div>

  </span>
  <div class="description indention">After an agent finds offer and demand items posted by its social network which are similar to its own items, it can connect those items with weighted $similarity$ relations (edges in the graph). Weight of the relation represents the 'strength' of similarity. Definition and computing algorithm of a $similarity$ relation can be chosen by choosing configuration parameters of the OfferNet system during initialization -- allowing to experiment with different approaches. This mechanism addresses these [Open problems / features to consider] of the framework: [Representation / theory of value], [Description of items of exchange], [Similarity measure];</div>

<<<<<<< Updated upstream
  <div id="element-37" class="collapse collapsable-details  in ">
    
  <div class="inner-level hooks-before">
        <div data-toggle="collapse" class=" collapsable-control" data-target="#before-38">
=======
  <div id="element-25" class="collapse collapsable-details ">
    
  <div class="inner-level hooks-before">
        <div data-toggle="collapse" class=" collapsed  collapsable-control" data-target="#before-26">
>>>>>>> Stashed changes
      
<div class="brief passed">
  <span class="keyword indention">Hooks</span>
  <span class="name"></span>
  

       <i class="chevron fa fa-fw"></i>
  </div>

    </div>

<<<<<<< Updated upstream
    <div id="before-38" class="inner-level collapse collapsable-details  in ">
=======
    <div id="before-26" class="inner-level collapse collapsable-details ">
              <div class="hook">
          <div class="brief passed">
            <span class="keyword indention">Before</span>
                          <span class="location name">SimulationBehaviorStepDefs.before(Scenario)</span>
                        
  <span class="lead-duration duration">000ms</span>

          </div>

                      

          
          

        </div>
>>>>>>> Stashed changes
              <div class="hook">
          <div class="brief passed">
            <span class="keyword indention">Before</span>
                          <span class="location name">AgentBehaviorStepDefs.before(Scenario)</span>
                        
<<<<<<< Updated upstream
  <span class="lead-duration duration">5s 720ms</span>
=======
  <span class="lead-duration duration">295ms</span>
>>>>>>> Stashed changes

          </div>

                      

<<<<<<< Updated upstream
  <div class="inner-level">
    <div class="message indention">
      <div data-toggle="collapse" class="collapsable-control" data-target="#msg-39">
          <a>Error message</a>
      </div>
      <div id="msg-39" class="collapse collapsable-details">
        <pre>java.util.concurrent.TimeoutException: Futures timed out after [5000 milliseconds]
	at scala.concurrent.impl.Promise$DefaultPromise.ready(Promise.scala:255)
	at scala.concurrent.impl.Promise$DefaultPromise.result(Promise.scala:259)
	at scala.concurrent.Await$.$anonfun$result$1(package.scala:215)
	at scala.concurrent.BlockContext$DefaultBlockContext$.blockOn(BlockContext.scala:53)
	at scala.concurrent.Await$.result(package.scala:142)
	at akka.testkit.TestActorRef.underlyingActor(TestActorRef.scala:93)
	at io.singularitynet.offernet.AgentBehaviorStepDefs.before(AgentBehaviorStepDefs.java:48)
	at sun.reflect.NativeMethodAccessorImpl.invoke0(Native Method)
	at sun.reflect.NativeMethodAccessorImpl.invoke(NativeMethodAccessorImpl.java:62)
	at sun.reflect.DelegatingMethodAccessorImpl.invoke(DelegatingMethodAccessorImpl.java:43)
	at java.lang.reflect.Method.invoke(Method.java:498)
	at cucumber.runtime.Utils$1.call(Utils.java:40)
	at cucumber.runtime.Timeout.timeout(Timeout.java:16)
	at cucumber.runtime.Utils.invoke(Utils.java:34)
	at cucumber.runtime.java.JavaHookDefinition.execute(JavaHookDefinition.java:60)
	at cucumber.runtime.Runtime.runHookIfTagsMatch(Runtime.java:224)
	at cucumber.runtime.Runtime.runHooks(Runtime.java:212)
	at cucumber.runtime.Runtime.runBeforeHooks(Runtime.java:202)
	at cucumber.runtime.model.CucumberScenario.run(CucumberScenario.java:40)
	at cucumber.runtime.junit.ExecutionUnitRunner.run(ExecutionUnitRunner.java:102)
	at org.junit.runners.Suite.runChild(Suite.java:128)
	at org.junit.runners.Suite.runChild(Suite.java:27)
	at org.junit.runners.ParentRunner$3.run(ParentRunner.java:290)
	at org.junit.runners.ParentRunner$1.schedule(ParentRunner.java:71)
	at org.junit.runners.ParentRunner.runChildren(ParentRunner.java:288)
	at org.junit.runners.ParentRunner.access$000(ParentRunner.java:58)
	at org.junit.runners.ParentRunner$2.evaluate(ParentRunner.java:268)
	at org.junit.runners.ParentRunner.run(ParentRunner.java:363)
	at cucumber.runtime.junit.ExamplesRunner.run(ExamplesRunner.java:59)
	at org.junit.runners.Suite.runChild(Suite.java:128)
	at org.junit.runners.Suite.runChild(Suite.java:27)
	at org.junit.runners.ParentRunner$3.run(ParentRunner.java:290)
	at org.junit.runners.ParentRunner$1.schedule(ParentRunner.java:71)
	at org.junit.runners.ParentRunner.runChildren(ParentRunner.java:288)
	at org.junit.runners.ParentRunner.access$000(ParentRunner.java:58)
	at org.junit.runners.ParentRunner$2.evaluate(ParentRunner.java:268)
	at org.junit.runners.ParentRunner.run(ParentRunner.java:363)
	at cucumber.runtime.junit.ScenarioOutlineRunner.run(ScenarioOutlineRunner.java:53)
	at cucumber.runtime.junit.FeatureRunner.runChild(FeatureRunner.java:63)
	at cucumber.runtime.junit.FeatureRunner.runChild(FeatureRunner.java:18)
	at org.junit.runners.ParentRunner$3.run(ParentRunner.java:290)
	at org.junit.runners.ParentRunner$1.schedule(ParentRunner.java:71)
	at org.junit.runners.ParentRunner.runChildren(ParentRunner.java:288)
	at org.junit.runners.ParentRunner.access$000(ParentRunner.java:58)
	at org.junit.runners.ParentRunner$2.evaluate(ParentRunner.java:268)
	at org.junit.runners.ParentRunner.run(ParentRunner.java:363)
	at cucumber.runtime.junit.FeatureRunner.run(FeatureRunner.java:70)
	at cucumber.api.junit.Cucumber.runChild(Cucumber.java:95)
	at cucumber.api.junit.Cucumber.runChild(Cucumber.java:38)
	at org.junit.runners.ParentRunner$3.run(ParentRunner.java:290)
	at org.junit.runners.ParentRunner$1.schedule(ParentRunner.java:71)
	at org.junit.runners.ParentRunner.runChildren(ParentRunner.java:288)
	at org.junit.runners.ParentRunner.access$000(ParentRunner.java:58)
	at org.junit.runners.ParentRunner$2.evaluate(ParentRunner.java:268)
	at org.junit.internal.runners.statements.RunAfters.evaluate(RunAfters.java:27)
	at org.junit.runners.ParentRunner.run(ParentRunner.java:363)
	at cucumber.api.junit.Cucumber.run(Cucumber.java:100)
	at org.gradle.api.internal.tasks.testing.junit.JUnitTestClassExecutor.runTestClass(JUnitTestClassExecutor.java:116)
	at org.gradle.api.internal.tasks.testing.junit.JUnitTestClassExecutor.execute(JUnitTestClassExecutor.java:59)
	at org.gradle.api.internal.tasks.testing.junit.JUnitTestClassExecutor.execute(JUnitTestClassExecutor.java:39)
	at org.gradle.api.internal.tasks.testing.junit.AbstractJUnitTestClassProcessor.processTestClass(AbstractJUnitTestClassProcessor.java:66)
	at org.gradle.api.internal.tasks.testing.SuiteTestClassProcessor.processTestClass(SuiteTestClassProcessor.java:51)
	at sun.reflect.NativeMethodAccessorImpl.invoke0(Native Method)
	at sun.reflect.NativeMethodAccessorImpl.invoke(NativeMethodAccessorImpl.java:62)
	at sun.reflect.DelegatingMethodAccessorImpl.invoke(DelegatingMethodAccessorImpl.java:43)
	at java.lang.reflect.Method.invoke(Method.java:498)
	at org.gradle.internal.dispatch.ReflectionDispatch.dispatch(ReflectionDispatch.java:35)
	at org.gradle.internal.dispatch.ReflectionDispatch.dispatch(ReflectionDispatch.java:24)
	at org.gradle.internal.dispatch.ContextClassLoaderDispatch.dispatch(ContextClassLoaderDispatch.java:32)
	at org.gradle.internal.dispatch.ProxyDispatchAdapter$DispatchingInvocationHandler.invoke(ProxyDispatchAdapter.java:93)
	at com.sun.proxy.$Proxy4.processTestClass(Unknown Source)
	at org.gradle.api.internal.tasks.testing.worker.TestWorker.processTestClass(TestWorker.java:109)
	at sun.reflect.NativeMethodAccessorImpl.invoke0(Native Method)
	at sun.reflect.NativeMethodAccessorImpl.invoke(NativeMethodAccessorImpl.java:62)
	at sun.reflect.DelegatingMethodAccessorImpl.invoke(DelegatingMethodAccessorImpl.java:43)
	at java.lang.reflect.Method.invoke(Method.java:498)
	at org.gradle.internal.dispatch.ReflectionDispatch.dispatch(ReflectionDispatch.java:35)
	at org.gradle.internal.dispatch.ReflectionDispatch.dispatch(ReflectionDispatch.java:24)
	at org.gradle.internal.remote.internal.hub.MessageHubBackedObjectConnection$DispatchWrapper.dispatch(MessageHubBackedObjectConnection.java:146)
	at org.gradle.internal.remote.internal.hub.MessageHubBackedObjectConnection$DispatchWrapper.dispatch(MessageHubBackedObjectConnection.java:128)
	at org.gradle.internal.remote.internal.hub.MessageHub$Handler.run(MessageHub.java:404)
	at org.gradle.internal.concurrent.ExecutorPolicy$CatchAndRecordFailures.onExecute(ExecutorPolicy.java:63)
	at org.gradle.internal.concurrent.ManagedExecutorImpl$1.run(ManagedExecutorImpl.java:46)
	at java.util.concurrent.ThreadPoolExecutor.runWorker(ThreadPoolExecutor.java:1149)
	at java.util.concurrent.ThreadPoolExecutor$Worker.run(ThreadPoolExecutor.java:624)
	at org.gradle.internal.concurrent.ThreadFactoryImpl$ManagedThreadRunnable.run(ThreadFactoryImpl.java:55)
	at java.lang.Thread.run(Thread.java:748)
</pre>
      </div>
    </div>
  </div>

=======
>>>>>>> Stashed changes
          
          

        </div>
              <div class="hook">
          <div class="brief passed">
            <span class="keyword indention">Before</span>
                          <span class="location name">SimulationBehaviorStepDefs.before(Scenario)</span>
                        
  <span class="lead-duration duration">000ms</span>

          </div>

                      

          
          

        </div>
          </div>
  </div>


    
<div class="steps inner-level">
<<<<<<< Updated upstream
    <div data-toggle="collapse" class=" collapsable-control" data-target="#steps-40">
=======
    <div data-toggle="collapse" class=" collapsed  collapsable-control" data-target="#steps-27">
>>>>>>> Stashed changes
    
<div class="brief passed">
  <span class="keyword indention">Steps</span>
  <span class="name"></span>
  

       <i class="chevron fa fa-fw"></i>
  </div>

  </div>

<<<<<<< Updated upstream
  <div id="steps-40" class="inner-level collapse collapsable-details  in ">
=======
  <div id="steps-27" class="inner-level collapse collapsable-details ">
>>>>>>> Stashed changes
          <div class="step">
        
<div class="brief passed">
  <span class="keyword indention">Given</span>
  <span class="name">a connected network of '20' agents</span>
  
  <span class="lead-duration duration">719ms</span>

  </div>

        


        
        

        

        

      </div>
          <div class="step">
        
<div class="brief passed">
  <span class="keyword indention">Given</span>
  <span class="name">that '5' similar item pairs exist in the network</span>
  
  <span class="lead-duration duration">043ms</span>

  </div>

        


        
        

        

        

      </div>
          <div class="step">
        
<div class="brief passed">
  <span class="keyword indention">When</span>
  <span class="name">any agent finds similar items by executing search of '19' depth</span>
  
  <span class="lead-duration duration">144ms</span>

  </div>

        


        
        

        

        

      </div>
          <div class="step">
        
<div class="brief passed">
  <span class="keyword indention">Then</span>
  <span class="name">there are '5' similarity relations in the network</span>
  
  <span class="lead-duration duration">007ms</span>

  </div>

        


        
        

        

        

      </div>
      </div>
</div>


    
  <div class="inner-level hooks-after">
<<<<<<< Updated upstream
        <div data-toggle="collapse" class=" collapsable-control" data-target="#after-41">
=======
        <div data-toggle="collapse" class=" collapsed  collapsable-control" data-target="#after-28">
>>>>>>> Stashed changes
      
<div class="brief failed">
  <span class="keyword indention">Hooks</span>
  <span class="name"></span>
  

       <i class="chevron fa fa-fw"></i>
  </div>

    </div>

<<<<<<< Updated upstream
    <div id="after-41" class="inner-level collapse collapsable-details  in ">
=======
    <div id="after-28" class="inner-level collapse collapsable-details ">
>>>>>>> Stashed changes
              <div class="hook">
          <div class="brief failed">
            <span class="keyword indention">After</span>
                          <span class="location name">AgentBehaviorStepDefs.after(Scenario)</span>
                        
  <span class="lead-duration duration">027ms</span>

          </div>

                      

  <div class="inner-level">
    <div class="message indention">
      <div data-toggle="collapse" class="collapsable-control" data-target="#msg-42">
          <a>Error message</a>
      </div>
      <div id="msg-42" class="collapse collapsable-details">
        <pre>java.lang.NullPointerException
	at io.singularitynet.offernet.AgentBehaviorStepDefs.after(AgentBehaviorStepDefs.java:54)
	at sun.reflect.NativeMethodAccessorImpl.invoke0(Native Method)
	at sun.reflect.NativeMethodAccessorImpl.invoke(NativeMethodAccessorImpl.java:62)
	at sun.reflect.DelegatingMethodAccessorImpl.invoke(DelegatingMethodAccessorImpl.java:43)
	at java.lang.reflect.Method.invoke(Method.java:498)
	at cucumber.runtime.Utils$1.call(Utils.java:40)
	at cucumber.runtime.Timeout.timeout(Timeout.java:16)
	at cucumber.runtime.Utils.invoke(Utils.java:34)
	at cucumber.runtime.java.JavaHookDefinition.execute(JavaHookDefinition.java:60)
	at cucumber.runtime.Runtime.runHookIfTagsMatch(Runtime.java:224)
	at cucumber.runtime.Runtime.runHooks(Runtime.java:212)
	at cucumber.runtime.Runtime.runAfterHooks(Runtime.java:206)
	at cucumber.runtime.model.CucumberScenario.run(CucumberScenario.java:46)
	at cucumber.runtime.junit.ExecutionUnitRunner.run(ExecutionUnitRunner.java:102)
	at org.junit.runners.Suite.runChild(Suite.java:128)
	at org.junit.runners.Suite.runChild(Suite.java:27)
	at org.junit.runners.ParentRunner$3.run(ParentRunner.java:290)
	at org.junit.runners.ParentRunner$1.schedule(ParentRunner.java:71)
	at org.junit.runners.ParentRunner.runChildren(ParentRunner.java:288)
	at org.junit.runners.ParentRunner.access$000(ParentRunner.java:58)
	at org.junit.runners.ParentRunner$2.evaluate(ParentRunner.java:268)
	at org.junit.runners.ParentRunner.run(ParentRunner.java:363)
	at cucumber.runtime.junit.ExamplesRunner.run(ExamplesRunner.java:59)
	at org.junit.runners.Suite.runChild(Suite.java:128)
	at org.junit.runners.Suite.runChild(Suite.java:27)
	at org.junit.runners.ParentRunner$3.run(ParentRunner.java:290)
	at org.junit.runners.ParentRunner$1.schedule(ParentRunner.java:71)
	at org.junit.runners.ParentRunner.runChildren(ParentRunner.java:288)
	at org.junit.runners.ParentRunner.access$000(ParentRunner.java:58)
	at org.junit.runners.ParentRunner$2.evaluate(ParentRunner.java:268)
	at org.junit.runners.ParentRunner.run(ParentRunner.java:363)
	at cucumber.runtime.junit.ScenarioOutlineRunner.run(ScenarioOutlineRunner.java:53)
	at cucumber.runtime.junit.FeatureRunner.runChild(FeatureRunner.java:63)
	at cucumber.runtime.junit.FeatureRunner.runChild(FeatureRunner.java:18)
	at org.junit.runners.ParentRunner$3.run(ParentRunner.java:290)
	at org.junit.runners.ParentRunner$1.schedule(ParentRunner.java:71)
	at org.junit.runners.ParentRunner.runChildren(ParentRunner.java:288)
	at org.junit.runners.ParentRunner.access$000(ParentRunner.java:58)
	at org.junit.runners.ParentRunner$2.evaluate(ParentRunner.java:268)
	at org.junit.runners.ParentRunner.run(ParentRunner.java:363)
	at cucumber.runtime.junit.FeatureRunner.run(FeatureRunner.java:70)
	at cucumber.api.junit.Cucumber.runChild(Cucumber.java:95)
	at cucumber.api.junit.Cucumber.runChild(Cucumber.java:38)
	at org.junit.runners.ParentRunner$3.run(ParentRunner.java:290)
	at org.junit.runners.ParentRunner$1.schedule(ParentRunner.java:71)
	at org.junit.runners.ParentRunner.runChildren(ParentRunner.java:288)
	at org.junit.runners.ParentRunner.access$000(ParentRunner.java:58)
	at org.junit.runners.ParentRunner$2.evaluate(ParentRunner.java:268)
	at org.junit.internal.runners.statements.RunAfters.evaluate(RunAfters.java:27)
	at org.junit.runners.ParentRunner.run(ParentRunner.java:363)
	at cucumber.api.junit.Cucumber.run(Cucumber.java:100)
	at org.gradle.api.internal.tasks.testing.junit.JUnitTestClassExecutor.runTestClass(JUnitTestClassExecutor.java:116)
	at org.gradle.api.internal.tasks.testing.junit.JUnitTestClassExecutor.execute(JUnitTestClassExecutor.java:59)
	at org.gradle.api.internal.tasks.testing.junit.JUnitTestClassExecutor.execute(JUnitTestClassExecutor.java:39)
	at org.gradle.api.internal.tasks.testing.junit.AbstractJUnitTestClassProcessor.processTestClass(AbstractJUnitTestClassProcessor.java:66)
	at org.gradle.api.internal.tasks.testing.SuiteTestClassProcessor.processTestClass(SuiteTestClassProcessor.java:51)
	at sun.reflect.NativeMethodAccessorImpl.invoke0(Native Method)
	at sun.reflect.NativeMethodAccessorImpl.invoke(NativeMethodAccessorImpl.java:62)
	at sun.reflect.DelegatingMethodAccessorImpl.invoke(DelegatingMethodAccessorImpl.java:43)
	at java.lang.reflect.Method.invoke(Method.java:498)
	at org.gradle.internal.dispatch.ReflectionDispatch.dispatch(ReflectionDispatch.java:35)
	at org.gradle.internal.dispatch.ReflectionDispatch.dispatch(ReflectionDispatch.java:24)
	at org.gradle.internal.dispatch.ContextClassLoaderDispatch.dispatch(ContextClassLoaderDispatch.java:32)
	at org.gradle.internal.dispatch.ProxyDispatchAdapter$DispatchingInvocationHandler.invoke(ProxyDispatchAdapter.java:93)
	at com.sun.proxy.$Proxy4.processTestClass(Unknown Source)
	at org.gradle.api.internal.tasks.testing.worker.TestWorker.processTestClass(TestWorker.java:109)
	at sun.reflect.NativeMethodAccessorImpl.invoke0(Native Method)
	at sun.reflect.NativeMethodAccessorImpl.invoke(NativeMethodAccessorImpl.java:62)
	at sun.reflect.DelegatingMethodAccessorImpl.invoke(DelegatingMethodAccessorImpl.java:43)
	at java.lang.reflect.Method.invoke(Method.java:498)
	at org.gradle.internal.dispatch.ReflectionDispatch.dispatch(ReflectionDispatch.java:35)
	at org.gradle.internal.dispatch.ReflectionDispatch.dispatch(ReflectionDispatch.java:24)
	at org.gradle.internal.remote.internal.hub.MessageHubBackedObjectConnection$DispatchWrapper.dispatch(MessageHubBackedObjectConnection.java:146)
	at org.gradle.internal.remote.internal.hub.MessageHubBackedObjectConnection$DispatchWrapper.dispatch(MessageHubBackedObjectConnection.java:128)
	at org.gradle.internal.remote.internal.hub.MessageHub$Handler.run(MessageHub.java:404)
	at org.gradle.internal.concurrent.ExecutorPolicy$CatchAndRecordFailures.onExecute(ExecutorPolicy.java:63)
	at org.gradle.internal.concurrent.ManagedExecutorImpl$1.run(ManagedExecutorImpl.java:46)
	at java.util.concurrent.ThreadPoolExecutor.runWorker(ThreadPoolExecutor.java:1149)
	at java.util.concurrent.ThreadPoolExecutor$Worker.run(ThreadPoolExecutor.java:624)
	at org.gradle.internal.concurrent.ThreadFactoryImpl$ManagedThreadRunnable.run(ThreadFactoryImpl.java:55)
	at java.lang.Thread.run(Thread.java:748)
</pre>
      </div>
    </div>
  </div>

          
          

        </div>
          </div>
  </div>

  </div>
</div>

        
      </div>
    </div>
  </div>
</div>
<br>

<nav class="navbar navbar-default" id="footer">
  <div class="container-fluid">
    <p class="navbar-text navbar-right">
        <small>generate Cucumber HTML reports via:&nbsp;</small>
        <a class="navbar-link" href="https://github.com/jenkinsci/cucumber-reports-plugin">Jenkins Plugin</a> |
        <a class="navbar-link" href="https://github.com/damianszczepanik/cucumber-reporting">Standalone</a> |
        <a class="navbar-link" href="https://github.com/damianszczepanik/cucumber-sandwich">Sandwich</a> |
        <a class="navbar-link" href="https://github.com/damianszczepanik/maven-cucumber-reporting">Maven</a>
        &nbsp;&nbsp;
    </p>
  </div>
</nav>

</body>
</html>
